
 REMIND COMPUTATIONAL CONDITIONS FOR P7173:
 Geometry optimization done using the 'ON' keyword
 MEP computation done
 Frequency computation not done!
 QMSOFT       = GAUSSIAN using the 'Normal' mode
 CHR_TYP      = RESP-A1
 Theory level = HF/6-31G(d)//HF/6-31G(d)
 (Single point MEP computation//Geometry optimization)
 Surface algo = Connolly surface
 MEP points   = Default

 The listed angle values below can be used in different contexts:
 - To determine the 'Theta0(deg)' equilibrium values of the ANGLE FF parameters
   for the missing FF parameters reported in the 'frcmod.unknown' file
   For this purpose it is advised to use DFT with a large basis set to compute
   accurate values.
 - To validate the FF generated by PyRED: the listed values can be compared to
   values observed during MD simulation.
 FF: force field; MD: molecular dynamics; DFT: density functional theory.
 Data are sorted by atom types and by angle values

     Mol_m1-c1-qmra.pdb  &  Mol-sm_m1-c1.mol2
          Atom_names     Atom_types       Distances(Å)     Angles(°)
     1   C10  C9   C8     C -CA-CA     1.388 1.387 2.398    119.58
     2   C10  C11  C12    C -CA-CA     1.392 1.378 2.403    120.32
     3   C10  C11  H11    C -CA-HA     1.392 1.074 2.127    118.65
     4   C10  C9   H9     C -CA-HA     1.072 1.387 2.148    121.20
     5   C4   C5   C6     C -CT-CT     1.524 1.538 2.528    111.28
     6   C4   C5   H5     C -CT-H1     1.524 1.082 2.109    106.82
     7   C4   C5   S1     C -CT-S      1.828 1.524 2.691    106.43
     8   C2   N3   C4     C -NA-C      1.377 1.369 2.372    119.45
     9   C2   N3   HN3    C -NA-H      1.377 0.999 2.062    119.63
    10   C4   N3   HN3    C -NA-H      0.999 1.369 2.069    120.91
    11   C10  O13  C14    C -OS-CT     1.346 1.409 2.390    120.35
    12   C2   S1   C5     C -S -CT     1.775 1.828 2.613     92.95
    13   C9   C10  C11    CA-C -CA     1.387 1.392 2.398    119.26
    14   C11  C10  O13    CA-C -OS     1.392 1.346 2.323    116.10
    15   C9   C10  O13    CA-C -OS     1.387 1.346 2.421    124.64
    16   C19  C20  C21    CA-CA-CA     1.376 1.391 2.355    116.66
    17   C8   C7   C12    CA-CA-CA     1.385 1.394 2.377    117.61
    18   C20  C21  C22    CA-CA-CA     1.391 1.373 2.397    120.23
    19   C7   C12  C11    CA-CA-CA     1.394 1.378 2.416    121.31
    20   C7   C8   C9     CA-CA-CA     1.385 1.388 2.425    121.92
    21   C21  C22  C17    CA-CA-CM     1.409 1.373 2.390    118.41
    22   C8   C7   C6     CA-CA-CT     1.513 1.385 2.522    120.85
    23   C12  C7   C6     CA-CA-CT     1.513 1.394 2.537    121.53
    24   C20  C19  H19    CA-CA-H4     1.077 1.376 2.132    120.29
    25   C9   C8   H8     CA-CA-HA     1.077 1.388 2.123    118.41
    26   C11  C12  H12    CA-CA-HA     1.378 1.076 2.120    118.98
    27   C8   C9   H9     CA-CA-HA     1.388 1.072 2.128    119.22
    28   C22  C21  H21    CA-CA-HA     1.076 1.373 2.120    119.43
    29   C7   C8   H8     CA-CA-HA     1.385 1.077 2.134    119.68
    30   C7   C12  H12    CA-CA-HA     1.394 1.076 2.142    119.71
    31   C21  C22  H22    CA-CA-HA     1.373 1.071 2.124    120.21
    32   C20  C21  H21    CA-CA-HA     1.391 1.076 2.146    120.34
    33   C12  C11  H11    CA-CA-HA     1.074 1.378 2.140    121.03
    34   C19  C20  H20    CA-CA-HA     1.376 1.073 2.140    121.27
    35   C21  C20  H20    CA-CA-HA     1.073 1.391 2.162    122.07
    36   C20  C19  N18    CA-CA-NC     1.323 1.376 2.388    124.39
    37   C22  C17  N16    CA-CM-N2     1.370 1.409 2.426    121.59
    38   C22  C17  N18    CA-CM-NC     1.326 1.409 2.384    121.26
    39   C7   C6   C5     CA-CT-CT     1.538 1.513 2.549    113.30
    40   C7   C6   H61    CA-CT-HC     1.084 1.513 2.144    110.20
    41   C7   C6   H62    CA-CT-HC     1.085 1.513 2.145    110.23
    42   C19  N18  C17    CA-NC-CM     1.326 1.323 2.283    119.05
    43   C17  C22  H22    CM-CA-HA     1.409 1.071 2.169    121.38
    44   C17  N16  C15    CM-N2-CT     1.449 1.370 2.441    119.91
    45   C17  N16  C16    CM-N2-CT     1.447 1.370 2.444    120.35
    46   C5   C4   N3     CT-C -NA     1.369 1.524 2.392    111.46
    47   C5   C4   O4     CT-C -O      1.188 1.524 2.402    124.25
    48   C14  C15  H152   CT-CT-H1     1.519 1.079 2.122    108.37
    49   C14  C15  H151   CT-CT-H1     1.519 1.083 2.131    108.82
    50   C6   C5   H5     CT-CT-H1     1.082 1.538 2.153    109.23
    51   C15  C14  H142   CT-CT-H1     1.087 1.519 2.143    109.56
    52   C15  C14  H141   CT-CT-H1     1.082 1.519 2.148    110.19
    53   C5   C6   H61    CT-CT-HC     1.538 1.084 2.121    106.67
    54   C5   C6   H62    CT-CT-HC     1.538 1.085 2.152    109.04
    55   C14  C15  N16    CT-CT-N2     1.519 1.449 2.493    114.22
    56   C15  C14  O13    CT-CT-OS     1.409 1.519 2.368    107.94
    57   C6   C5   S1     CT-CT-S      1.828 1.538 2.834    114.41
    58   C15  N16  C16    CT-N2-CT     1.449 1.447 2.496    119.07
    59   H163 C16  H161   H1-CT-H1     1.078 1.086 1.747    107.64
    60   H152 C15  H151   H1-CT-H1     1.079 1.083 1.749    107.98
    61   H163 C16  H162   H1-CT-H1     1.078 1.086 1.752    108.13
    62   H162 C16  H161   H1-CT-H1     1.086 1.086 1.764    108.57
    63   H142 C14  H141   H1-CT-H1     1.087 1.082 1.764    108.83
    64   H151 C15  N16    H1-CT-N2     1.083 1.449 2.061    108.08
    65   H163 C16  N16    H1-CT-N2     1.447 1.078 2.066    108.87
    66   H152 C15  N16    H1-CT-N2     1.079 1.449 2.072    109.20
    67   H162 C16  N16    H1-CT-N2     1.447 1.086 2.102    111.35
    68   H161 C16  N16    H1-CT-N2     1.447 1.086 2.111    112.13
    69   H142 C14  O13    H1-CT-OS     1.409 1.087 2.051    109.86
    70   H141 C14  O13    H1-CT-OS     1.409 1.082 2.055    110.45
    71   H5   C5   S1     H1-CT-S      1.828 1.082 2.400    108.35
    72   H19  C19  N18    H4-CA-NC     1.323 1.077 2.032    115.32
    73   H62  C6   H61    HC-CT-HC     1.085 1.084 1.745    107.15
    74   N16  C17  N18    N2-CM-NC     1.370 1.326 2.301    117.15
    75   N3   C4   O4     NA-C -O      1.369 1.188 2.263    124.30
    76   N3   C2   O2     NA-C -O      1.182 1.377 2.270    124.91
    77   N3   C2   S1     NA-C -S      1.775 1.377 2.587    109.67
    78   O2   C2   S1     O -C -S      1.775 1.182 2.642    125.41
  Compute 78 angles between 44 atoms based on 46 bonds


