
 REMIND COMPUTATIONAL CONDITIONS FOR P7173:
 Geometry optimization done using the 'ON' keyword
 MEP computation done
 Frequency computation not done!
 QMSOFT       = GAUSSIAN using the 'Normal' mode
 CHR_TYP      = RESP-A1
 Theory level = HF/6-31G(d)//HF/6-31G(d)
 (Single point MEP computation//Geometry optimization)
 Surface algo = Connolly surface
 MEP points   = Default

 The listed bond values below can be used in different contexts:
 - To determine the 'Dist0(ang)' equilibrium values of the BOND FF parameters
   for the missing FF parameters reported in the 'frcmod.unknown' file
   For this purpose it is advised to use DFT with a large basis set to compute
   accurate values.
 - To validate the FF generated by PyRED: the listed values can be compared to
   values observed during MD simulation.
 FF: force field; MD: molecular dynamics; DFT: density functional theory.
 Data are sorted by bond values and by atom types

     Mol_m1-c1-qmra.pdb  &  Mol-sm_m1-c1.mol2
         Atom_names  Atom_types Distances(Å) 
     1    HN3  N3      H -NA      0.999  H 
     2    C22  H22     CA-HA      1.071  H 
     3    C9   H9      CA-HA      1.072  H 
     4    C20  H20     CA-HA      1.073  H 
     5    C11  H11     CA-HA      1.074  H 
     6    C12  H12     CA-HA      1.076  H 
     7    C21  H21     CA-HA      1.076  H 
     8    C19  H19     CA-H4      1.077  H 
     9    C8   H8      CA-HA      1.077  H 
    10    C16  H163    CT-H1      1.078  H 
    11    C15  H152    CT-H1      1.079  H 
    12    C14  H141    CT-H1      1.082  H 
    13    C5   H5      CT-H1      1.082  H 
    14    C15  H151    CT-H1      1.083  H 
    15    C6   H61     CT-HC      1.084  H 
    16    C6   H62     CT-HC      1.085  H 
    17    C16  H161    CT-H1      1.086  H 
    18    C16  H162    CT-H1      1.086  H 
    19    C14  H142    CT-H1      1.087  H 
    20    C2   O2      C -O       1.182    
    21    C4   O4      C -O       1.188    
    22    C19  N18     CA-NC      1.323    
    23    C17  N18     CM-NC      1.326    
    24    C10  O13     C -OS      1.346    
    25    C4   N3      C -NA      1.369    
    26    C17  N16     CM-N2      1.370    
    27    C21  C22     CA-CA      1.373    
    28    C19  C20     CA-CA      1.376    
    29    C2   N3      C -NA      1.377    
    30    C11  C12     CA-CA      1.378    
    31    C7   C8      CA-CA      1.385    
    32    C10  C9      C -CA      1.387    
    33    C8   C9      CA-CA      1.388    
    34    C20  C21     CA-CA      1.391    
    35    C10  C11     C -CA      1.392    
    36    C7   C12     CA-CA      1.394    
    37    C22  C17     CA-CM      1.409    
    38    C14  O13     CT-OS      1.409    
    39    C16  N16     CT-N2      1.447    
    40    C15  N16     CT-N2      1.449    
    41    C7   C6      CA-CT      1.513    
    42    C14  C15     CT-CT      1.519    
    43    C4   C5      C -CT      1.524    
    44    C5   C6      CT-CT      1.538    
    45    C2   S1      C -S       1.775    
    46    C5   S1      CT-S       1.828    
  Compute 46 bonds between 44 atoms...


