
          -------------------------------------------------------
          Amber 24 PMEMD                              2024
          -------------------------------------------------------

| PMEMD implementation of SANDER, Release 24

|  Compiled date/time: Thu Apr  3 16:55:38 2025
| Run on 09/15/2025 at 12:59:44

|   Executable path: pmemd.cuda
| Working directory: /panfs/accrepfs.vampire/data/kojetin_lab/Mithun/My_Github/Amber_noncovalent_run/Production
|          Hostname: gpu0015

  [-O]verwriting output

File Assignments:
|   MDIN: prod1.in.start                                                        
|  MDOUT: PTR_001.out                                                           
| INPCRD: ../Minimization/step9.rst7                                            
|   PARM: ../Minimization/prepinHMR.prmtop                                      
| RESTRT: md_prod1_001.rst                                                      
|   REFC: refc                                                                  
|  MDVEL: mdvel                                                                 
|   MDEN: mden                                                                  
|  MDCRD: md_prod1_001.nc                                                       
| MDINFO: md_prod1.mdinfo                                                       
|  MDFRC: mdfrc                                                                 


 Here is the input file:

MD explicit solvent heavy atom no rest shake dt 0.004 total is 100 nanoseconds 
 &cntrl                                                                        
  imin = 0, nstlim = 25000000, dt=0.004,                                       
  ntx = 1, irest = 0,                                                          
  ntwx = 2500, ioutfm = 1, ntxo = 2, ntpr = 5000, ntwr = 200000,               
  iwrap = 1, nscm = 1000,                                                      
  ntc = 2, ntf = 2, ntb = 2, cut = 8.0,                                        
  ntt = 3, ig = -1, gamma_ln = 3, temp0 = 310, tempi = 310,                    
  ntp = 1, taup = 2.0, barostat = 2,                                           
  igb = 0, saltcon = 0.0,                                                      
  ntr = 0,                                                                     
 /                                                                             


Note: ig = -1. Setting random seed to   277092 based on wallclock time in 
      microseconds.
| irandom = 1, using AMBER's internal random number generator (default).
 
|--------------------- INFORMATION ----------------------
| GPU (CUDA) Version of PMEMD in use: NVIDIA GPU IN USE.
|                    Version 18.0.0
| 
|                      03/25/2018
| 
| Implementation by:
|                    Ross C. Walker     (SDSC)
|                    Scott Le Grand     (nVIDIA)
| 
| Version 18 performance extensions by:
|                    David Cerutti     (Rutgers)
| 
| Precision model in use:
|      [SPFP] - Single Precision Forces, 64-bit Fixed Point
|               Accumulation. (Default)
| 
|--------------------------------------------------------
 
|----------------- CITATION INFORMATION -----------------
|
|    When publishing work that utilized the CUDA version
|    of AMBER, please cite the following in addition to
|    the regular AMBER citations:
|
|  - Romelia Salomon-Ferrer; Andreas W. Goetz; Duncan
|    Poole; Scott Le Grand; Ross C. Walker "Routine
|    microsecond molecular dynamics simulations with
|    AMBER - Part II: Particle Mesh Ewald", J. Chem.
|    Theory Comput., 2013, 9 (9), pp3878-3888,
|    DOI: 10.1021/ct400314y.
|
|  - Andreas W. Goetz; Mark J. Williamson; Dong Xu;
|    Duncan Poole; Scott Le Grand; Ross C. Walker
|    "Routine microsecond molecular dynamics simulations
|    with AMBER - Part I: Generalized Born", J. Chem.
|    Theory Comput., 2012, 8 (5), pp1542-1555.
|
|  - Scott Le Grand; Andreas W. Goetz; Ross C. Walker
|    "SPFP: Speed without compromise - a mixed precision
|    model for GPU accelerated molecular dynamics
|    simulations.", Comp. Phys. Comm., 2013, 184
|    pp374-380, DOI: 10.1016/j.cpc.2012.09.022
|
|--------------------------------------------------------
 
|------------------- GPU DEVICE INFO --------------------
|
|            CUDA_VISIBLE_DEVICES: 0
|   CUDA Capable Devices Detected:      1
|           CUDA Device ID in use:      0
|                CUDA Device Name: NVIDIA TITAN X (Pascal)
|     CUDA Device Global Mem Size:  12183 MB
| CUDA Device Num Multiprocessors:     28
|           CUDA Device Core Freq:   1.53 GHz
|
|--------------------------------------------------------
 
 
| Conditional Compilation Defines Used:
| PUBFFT
| BINTRAJ
| CUDA
| EMIL

| Largest sphere to fit in unit cell has radius =    31.783

| New format PARM file being parsed.
| Version =    1.000 Date = 09/15/25 Time = 12:56:44

| Note: 1-4 EEL scale factors are being read from the topology file.

| Note: 1-4 VDW scale factors are being read from the topology file.
| Duplicated    0 dihedrals

| Duplicated    0 dihedrals

--------------------------------------------------------------------------------
   1.  RESOURCE   USE: 
--------------------------------------------------------------------------------

 getting box info from netcdf restart file
 NATOM  =   36074 NTYPES =      27 NBONH =   33811 MBONA  =    2276
 NTHETH =    5254 MTHETA =    3069 NPHIH =   10329 MPHIA  =    9843
 NHPARM =       0 NPARM  =       0 NNB   =   67179 NRES   =   10809
 NBONA  =    2276 NTHETA =    3069 NPHIA =    9843 NUMBND =      75
 NUMANG =     174 NPTRA  =     206 NATYP =      39 NPHB   =       0
 IFBOX  =       2 NMXRS  =      44 IFCAP =       0 NEXTRA =       0
 NCOPY  =       0

| Coordinate Index Table dimensions:    15   15   15
| Direct force subcell size =     5.1901    5.1901    5.1901

     BOX TYPE: TRUNCATED OCTAHEDRON

--------------------------------------------------------------------------------
   2.  CONTROL  DATA  FOR  THE  RUN
--------------------------------------------------------------------------------

default_name                                                                    

General flags:
     imin    =       0, nmropt  =       0

Nature and format of input:
     ntx     =       1, irest   =       0, ntrx    =       1

Nature and format of output:
     ntxo    =       2, ntpr    =    5000, ntrx    =       1, ntwr    =  200000
     iwrap   =       1, ntwx    =    2500, ntwv    =       0, ntwe    =       0
     ioutfm  =       1, ntwprt  =       0, idecomp =       0, rbornstat=      0

Potential function:
     ntf     =       2, ntb     =       2, igb     =       0, nsnb    =      25
     ipol    =       0, gbsa    =       0, iesp    =       0
     dielc   =   1.00000, cut     =   8.00000, intdiel =   1.00000

Frozen or restrained atoms:
     ibelly  =       0, ntr     =       0

Molecular dynamics:
     nstlim  =  25000000, nscm    =      1000, nrespa  =         1
     t       =   0.00000, dt      =   0.00400, vlimit  =  -1.00000

Langevin dynamics temperature regulation:
     ig      =  277092
     temp0   = 310.00000, tempi   = 310.00000, gamma_ln=   3.00000

Pressure regulation:
     ntp     =       1
     pres0   =   1.00000, comp    =  44.60000, taup    =   2.00000
     Monte-Carlo Barostat:
     mcbarint  =     100

SHAKE:
     ntc     =       2, jfastw  =       0
     tol     =   0.00001

| Intermolecular bonds treatment:
|     no_intermolecular_bonds =       1

| Energy averages sample interval:
|     ene_avg_sampling =    5000

Ewald parameters:
     verbose =       0, ew_type =       0, nbflag  =       1, use_pme =       1
     vdwmeth =       1, eedmeth =       1, netfrc  =       1
     Box X =   77.851   Box Y =   77.851   Box Z =   77.851
     Alpha =  109.471   Beta  =  109.471   Gamma =  109.471
     NFFT1 =   80       NFFT2 =   80       NFFT3 =   80
     Cutoff=    8.000   Tol   =0.100E-04
     Ewald Coefficient =  0.34864
     Interpolation order =    4
| MONTE CARLO BAROSTAT IMPORTANT NOTE:
|   The Monte-Carlo barostat does not require the virial to adjust the system volume.
|   Since it is an expensive calculation, it is skipped for efficiency. A side-effect
|   is that the reported pressure is always 0 because it is not calculated.

--------------------------------------------------------------------------------
   3.  ATOMIC COORDINATES AND VELOCITIES
--------------------------------------------------------------------------------

default_name                                                                    
 begin time read from input coords =   240.000 ps

 
 Number of triangulated 3-point waters found:    10505

     Sum of charges from parm topology file =  -0.00000017
     Forcing neutrality...

| Dynamic Memory, Types Used:
| Reals             1657705
| Integers          1606657

| Nonbonded Pairs Initial Allocation:     6025259

| GPU memory information (estimate):
| KB of GPU memory in use:    228763
| KB of CPU memory in use:     62851

--------------------------------------------------------------------------------
   4.  RESULTS
--------------------------------------------------------------------------------


 NSTEP =        0   TIME(PS) =       0.000  TEMP(K) =   452.50  PRESS =     0.0
 Etot   =    -74577.0957  EKtot   =     33455.6192  EPtot      =   -108032.7149
 BOND   =       848.6144  ANGLE   =      2376.2886  DIHED      =      3622.1548
 1-4 NB =      1038.8149  1-4 EEL =     12768.8237  VDWAALS    =     12103.5984
 EELEC  =   -140791.0096  EHBOND  =         0.0000  RESTRAINT  =         0.0000
 EKCMT  =         0.0000  VIRIAL  =         0.0000  VOLUME     =    363223.5159
                                                    Density    =         1.0150
 ------------------------------------------------------------------------------

