
 -----------------------------------------------
  Restrained ESP Fit 2.41 q4md-forcefieldtools
 -----------------------------------------------
  RESP-A1 - RESP input generated by PyRED version JAN-2025                       
 -----------------------------------------------


 inopt       =     0   ioutopt     =     1
 nmep        =     2   iqopt       =     1
 ihfree      =     1   irstrnt     =     1
 iunits      =     0   qwt         =   0.00050000

 multiple-MEP run of   2 MEP

 Reading input for MEP   1 weight:     1.000
 MOLECULE-1 nconf=1 norient=1 nmep=1/2                                          

 Total charge (ich):  0
 Number of centers: 44
    1   16    0
    2    6    0
    3    8    0
    4    7    0
    5    1    0
    6    6    0
    7    8    0
    8    6    0
    9    1    0
   10    6    0
   11    1    0
   12    1    0
   13    6    0
   14    6    0
   15    1    0
   16    6    0
   17    1    0
   18    6    0
   19    6   16
   20    1   17
   21    6   14
   22    1   15
   23    8    0
   24    6    0
   25    1    0
   26    1    0
   27    6    0
   28    1    0
   29    1    0
   30    7    0
   31    6    0
   32    1    0
   33    1    0
   34    1    0
   35    6    0
   36    7    0
   37    6    0
   38    1    0
   39    6    0
   40    1    0
   41    6    0
   42    1    0
   43    6    0
   44    1    0

 Reading input for MEP   2 weight:     1.000
 MOLECULE-1 nconf=1 norient=2 nmep=2/2                                          

 Total charge (ich):  0
 Number of centers: 44
   45   16    0
   46    6    0
   47    8    0
   48    7    0
   49    1    0
   50    6    0
   51    8    0
   52    6    0
   53    1    0
   54    6    0
   55    1    0
   56    1    0
   57    6    0
   58    6    0
   59    1    0
   60    6    0
   61    1    0
   62    6    0
   63    6   16
   64    1   17
   65    6   14
   66    1   15
   67    8    0
   68    6    0
   69    1    0
   70    1    0
   71    6    0
   72    1    0
   73    1    0
   74    7    0
   75    6    0
   76    1    0
   77    1    0
   78    1    0
   79    6    0
   80    7    0
   81    6    0
   82    1    0
   83    6    0
   84    1    0
   85    6    0
   86    1    0
   87    6    0
   88    1    0

 Iqopt=1: all q0 values will be set to 0
 --------------------------------
 reading mult_esp constraint info
 --------------------------------
    1    1    2    1
    1    2    2    2
    1    3    2    3
    1    4    2    4
    1    5    2    5
    1    6    2    6
    1    7    2    7
    1    8    2    8
    1    9    2    9
    1   10    2   10
    1   11    2   11
    1   12    2   12
    1   13    2   13
    1   14    2   14
    1   15    2   15
    1   16    2   16
    1   17    2   17
    1   18    2   18
    1   23    2   23
    1   24    2   24
    1   25    2   25
    1   26    2   26
    1   27    2   27
    1   28    2   28
    1   29    2   29
    1   30    2   30
    1   31    2   31
    1   32    2   32
    1   33    2   33
    1   34    2   34
    1   35    2   35
    1   36    2   36
    1   37    2   37
    1   38    2   38
    1   39    2   39
    1   40    2   40
    1   41    2   41
    1   42    2   42
    1   43    2   43
    1   44    2   44

  --------------------
     Atom   Ivary
  --------------------
   16    0
    6    0
    8    0
    7    0
    1    0
    6    0
    8    0
    6    0
    1    0
    6    0
    1    0
    1    0
    6    0
    6    0
    1    0
    6    0
    1    0
    6    0
    6   16
    1   17
    6   14
    1   15
    8    0
    6    0
    1    0
    1    0
    6    0
    1    0
    1    0
    7    0
    6    0
    1    0
    1    0
    1    0
    6    0
    7    0
    6    0
    1    0
    6    0
    1    0
    6    0
    1    0
    6    0
    1    0

   16    1
    6    2
    8    3
    7    4
    1    5
    6    6
    8    7
    6    8
    1    9
    6   10
    1   11
    1   12
    6   13
    6   14
    1   15
    6   16
    1   17
    6   18
    6   16
    1   17
    6   14
    1   15
    8   23
    6   24
    1   25
    1   26
    6   27
    1   28
    1   29
    7   30
    6   31
    1   32
    1   33
    1   34
    6   35
    7   36
    6   37
    1   38
    6   39
    1   40
    6   41
    1   42
    6   43
    1   44

  ----------------------------------------------------------------------------


Total number of atoms     =    88
Weight factor on initial charge restraints =  0.000500


There are   2 charge constraints

 Reading esp"s for MEP   1
 total number of atoms      =    44
 total number of esp points =   1900

 Center        X                Y                Z
    1      0.1255232E+00   -0.8616291E+01    0.4853185E+01
    2     -0.1162988E+01   -0.1164181E+02    0.5515437E+01
    3     -0.2956817E+00   -0.1313624E+02    0.6930746E+01
    4     -0.3329593E+01   -0.1199581E+02    0.4119606E+01
    5     -0.4274471E+01   -0.1362413E+02    0.4259673E+01
    6     -0.4137347E+01   -0.1012259E+02    0.2527259E+01
    7     -0.5955473E+01   -0.1027153E+02    0.1218055E+01
    8     -0.2412878E+01   -0.7820442E+01    0.2649214E+01
    9     -0.3513857E+01   -0.6298330E+01    0.3457531E+01
   10     -0.1503330E+01   -0.7041811E+01   -0.2834589E-04
   11     -0.3581068E+00   -0.8550084E+01   -0.7837261E+00
   12     -0.3175866E+01   -0.6881813E+01   -0.1171626E+01
   13     -0.4584853E-01   -0.4581473E+01   -0.1821129E-01
   14     -0.1294836E+01   -0.2280988E+01   -0.1126655E-01
   15     -0.3329690E+01   -0.2239191E+01   -0.3035845E-01
   16      0.0000000E+00    0.0000000E+00    0.0000000E+00
   17     -0.1049548E+01    0.1733349E+01   -0.2373496E-02
   18      0.2621371E+01    0.0000000E+00    0.0000000E+00
   19      0.3906583E+01   -0.2294466E+01   -0.2131233E-01
   20      0.5936187E+01   -0.2273006E+01   -0.3478041E-01
   21      0.2587545E+01   -0.4540666E+01   -0.3228030E-01
   22      0.3622117E+01   -0.6290539E+01   -0.5616455E-01
   23      0.4067792E+01    0.2093289E+01    0.0000000E+00
   24      0.2943581E+01    0.4504959E+01    0.8181947E-01
   25      0.1817060E+01    0.4807431E+01   -0.1608875E+01
   26      0.1732187E+01    0.4673478E+01    0.1720964E+01
   27      0.5045064E+01    0.6456481E+01    0.1982568E+00
   28      0.4213751E+01    0.8308500E+01    0.2396173E-02
   29      0.6308641E+01    0.6160834E+01   -0.1383911E+01
   30      0.6528756E+01    0.6373770E+01    0.2498104E+01
   31      0.8721002E+01    0.4743006E+01    0.2606956E+01
   32      0.9054231E+01    0.3961741E+01    0.7543370E+00
   33      0.1039788E+02    0.5782029E+01    0.3172646E+01
   34      0.8454817E+01    0.3175187E+01    0.3904501E+01
   35      0.5656339E+01    0.7537620E+01    0.4640364E+01
   36      0.3493930E+01    0.8789764E+01    0.4461339E+01
   37      0.2608980E+01    0.9979172E+01    0.6475619E+01
   38      0.8500063E+00    0.1096472E+02    0.6201449E+01
   39      0.3777039E+01    0.1000236E+02    0.8798383E+01
   40      0.2970230E+01    0.1099461E+02    0.1037262E+02
   41      0.6035033E+01    0.8670772E+01    0.8996575E+01
   42      0.7038715E+01    0.8608167E+01    0.1076373E+02
   43      0.7001790E+01    0.7423872E+01    0.6936154E+01
   44      0.8739922E+01    0.6399701E+01    0.7089437E+01

 Reading esp"s for MEP   2
 total number of atoms      =    44
 total number of esp points =   1886

 Center        X                Y                Z
    1      0.1105187E+02   -0.2844771E+01   -0.4853185E+01
    2      0.1427346E+02   -0.3504627E+01   -0.5515437E+01
    3      0.1500990E+02   -0.5067706E+01   -0.6930746E+01
    4      0.1579635E+02   -0.1923395E+01   -0.4119606E+01
    5      0.1767311E+02   -0.2071692E+01   -0.4259673E+01
    6      0.1471443E+02   -0.1939804E+00   -0.2527259E+01
    7      0.1587052E+02    0.1217127E+01   -0.1218055E+01
    8      0.1184013E+02   -0.3040021E+00   -0.2649214E+01
    9      0.1121376E+02    0.1467055E+01   -0.3457531E+01
   10      0.1068250E+02   -0.6096615E+00    0.2834589E-04
   11      0.1127233E+02   -0.2409250E+01    0.7837261E+00
   12      0.1150166E+02    0.8572950E+00    0.1171626E+01
   13      0.7829834E+01   -0.4101046E+00    0.1821129E-01
   14      0.6647230E+01    0.1925200E+01    0.1126655E-01
   15      0.7769601E+01    0.3623041E+01    0.3035845E-01
   16      0.4034578E+01    0.2156612E+01    0.0000000E+00
   17      0.3205183E+01    0.4005439E+01    0.2373496E-02
   18      0.2544405E+01    0.0000000E+00    0.0000000E+00
   19      0.3701463E+01   -0.2361685E+01    0.2131233E-01
   20      0.2530037E+01   -0.4019247E+01    0.3478041E-01
   21      0.6299254E+01   -0.2553407E+01    0.3228030E-01
   22      0.7150757E+01   -0.4399307E+01    0.5616455E-01
   23      0.0000000E+00    0.0000000E+00    0.0000000E+00
   24     -0.1345007E+01    0.2295856E+01   -0.8181947E-01
   25     -0.9534575E+00    0.3394594E+01    0.1608875E+01
   26     -0.7950058E+00    0.3388273E+01   -0.1720964E+01
   27     -0.4145163E+01    0.1676344E+01   -0.1982568E+00
   28     -0.5196246E+01    0.3413089E+01   -0.2396173E-02
   29     -0.4620238E+01    0.4687295E+00    0.1383911E+01
   30     -0.4920554E+01    0.4086873E+00   -0.2498104E+01
   31     -0.4825147E+01   -0.2321921E+01   -0.2606956E+01
   32     -0.4371828E+01   -0.3040199E+01   -0.7543370E+00
   33     -0.6633209E+01   -0.3110841E+01   -0.3172646E+01
   34     -0.3383980E+01   -0.2994191E+01   -0.3904501E+01
   35     -0.5382110E+01    0.1788044E+01   -0.4640364E+01
   36     -0.5182987E+01    0.4278871E+01   -0.4461339E+01
   37     -0.5658450E+01    0.5683066E+01   -0.6475619E+01
   38     -0.5469332E+01    0.7690435E+01   -0.6201449E+01
   39     -0.6341535E+01    0.4735283E+01   -0.8798383E+01
   40     -0.6699213E+01    0.5963114E+01   -0.1037262E+02
   41     -0.6529636E+01    0.2120654E+01   -0.8996575E+01
   42     -0.7048693E+01    0.1259332E+01   -0.1076373E+02
   43     -0.6053380E+01    0.6164740E+00   -0.6936154E+01
   44     -0.6198870E+01   -0.1395704E+01   -0.7089437E+01
 Initial ssvpot =     0.659


 Number of unique UNfrozen centers=   40

 Non-linear optimization requested.
 qchnge =    0.3079024583E-01
 qchnge =    0.4735412773E-02
 qchnge =    0.1234620658E-02
 qchnge =    0.4705940971E-03
 qchnge =    0.2083503074E-03
 qchnge =    0.9818174301E-04
 qchnge =    0.4764113958E-04
 qchnge =    0.2345150409E-04
 qchnge =    0.1162584523E-04
 qchnge =    0.5783293459E-05
 qchnge =    0.2881731864E-05
 qchnge =    0.1437092909E-05
 qchnge =    0.7169470609E-06
 qchnge =    0.3577436953E-06
 qchnge =    0.1785240683E-06
 qchnge =    0.8909239580E-07

 Convergence in   15 iterations

    1   MOLECULE-1 nconf=1 norient=1 nmep=1/2
    2   MOLECULE-1 nconf=1 norient=2 nmep=2/2

          Point charges before & after optimization
   No. At.No.     q0            q(opt)     Ivary    d(rstr)/dq
    1  16       0.000000      -0.178870      0       0.002440
    2   6       0.000000       0.487905      0       0.001004
    3   8       0.000000      -0.449810      0       0.001085
    4   7       0.000000      -0.431178      0       0.001130
    5   1       0.000000       0.343074      0       0.000000
    6   6       0.000000       0.535900      0       0.000917
    7   8       0.000000      -0.523905      0       0.000937
    8   6       0.000000       0.069480      0       0.004106
    9   1       0.000000       0.074457      0       0.000000
   10   6       0.000000      -0.026482      0       0.004833
   11   1       0.000000       0.052030      0       0.000000
   12   1       0.000000       0.047061      0       0.000000
   13   6       0.000000      -0.033968      0       0.004734
   14   6       0.000000      -0.127663      0       0.003083
   15   1       0.000000       0.132212      0       0.000000
   16   6       0.000000      -0.190656      0       0.002322
   17   1       0.000000       0.123611      0       0.000000
   18   6       0.000000       0.230282      0       0.001992
   19   6       0.000000      -0.190656     16       0.002322
   20   1       0.000000       0.123611     17       0.000000
   21   6       0.000000      -0.127663     14       0.003083
   22   1       0.000000       0.132212     15       0.000000
   23   8       0.000000      -0.261825      0       0.001784
   24   6       0.000000       0.020723      0       0.004896
   25   1       0.000000       0.060823      0       0.000000
   26   1       0.000000       0.091698      0       0.000000
   27   6       0.000000      -0.038040      0       0.004673
   28   1       0.000000       0.050286      0       0.000000
   29   1       0.000000       0.095808      0       0.000000
   30   7       0.000000      -0.279551      0       0.001684
   31   6       0.000000      -0.087992      0       0.003754
   32   1       0.000000       0.085179      0       0.000000
   33   1       0.000000       0.042349      0       0.000000
   34   1       0.000000       0.066906      0       0.000000
   35   6       0.000000       0.590892      0       0.000834
   36   7       0.000000      -0.497386      0       0.000986
   37   6       0.000000       0.108836      0       0.003383
   38   1       0.000000       0.108407      0       0.000000
   39   6       0.000000      -0.245558      0       0.001886
   40   1       0.000000       0.130366      0       0.000000
   41   6       0.000000      -0.048556      0       0.004498
   42   1       0.000000       0.152197      0       0.000000
   43   6       0.000000      -0.376848      0       0.001282
   44   1       0.000000       0.160301      0       0.000000

   45  16       0.000000      -0.178870      1       0.002440
   46   6       0.000000       0.487905      2       0.001004
   47   8       0.000000      -0.449810      3       0.001085
   48   7       0.000000      -0.431178      4       0.001130
   49   1       0.000000       0.343074      5       0.000000
   50   6       0.000000       0.535900      6       0.000917
   51   8       0.000000      -0.523905      7       0.000937
   52   6       0.000000       0.069480      8       0.004106
   53   1       0.000000       0.074457      9       0.000000
   54   6       0.000000      -0.026482     10       0.004833
   55   1       0.000000       0.052030     11       0.000000
   56   1       0.000000       0.047061     12       0.000000
   57   6       0.000000      -0.033968     13       0.004734
   58   6       0.000000      -0.127663     14       0.003083
   59   1       0.000000       0.132212     15       0.000000
   60   6       0.000000      -0.190656     16       0.002322
   61   1       0.000000       0.123611     17       0.000000
   62   6       0.000000       0.230282     18       0.001992
   63   6       0.000000      -0.190656     16       0.002322
   64   1       0.000000       0.123611     17       0.000000
   65   6       0.000000      -0.127663     14       0.003083
   66   1       0.000000       0.132212     15       0.000000
   67   8       0.000000      -0.261825     23       0.001784
   68   6       0.000000       0.020723     24       0.004896
   69   1       0.000000       0.060823     25       0.000000
   70   1       0.000000       0.091698     26       0.000000
   71   6       0.000000      -0.038040     27       0.004673
   72   1       0.000000       0.050286     28       0.000000
   73   1       0.000000       0.095808     29       0.000000
   74   7       0.000000      -0.279551     30       0.001684
   75   6       0.000000      -0.087992     31       0.003754
   76   1       0.000000       0.085179     32       0.000000
   77   1       0.000000       0.042349     33       0.000000
   78   1       0.000000       0.066906     34       0.000000
   79   6       0.000000       0.590892     35       0.000834
   80   7       0.000000      -0.497386     36       0.000986
   81   6       0.000000       0.108836     37       0.003383
   82   1       0.000000       0.108407     38       0.000000
   83   6       0.000000      -0.245558     39       0.001886
   84   1       0.000000       0.130366     40       0.000000
   85   6       0.000000      -0.048556     41       0.004498
   86   1       0.000000       0.152197     42       0.000000
   87   6       0.000000      -0.376848     43       0.001282
   88   1       0.000000       0.160301     44       0.000000

 Sum over the calculated charges:     -0.000

        Statistics of the fitting:
  The initial sum of squares (ssvpot)                      0.659
  The residual sum of squares (chipot)                     0.014
  The std err of estimate (sqrt(chipot/N))               0.00194
  ESP relative RMS (SQRT(chipot/ssvpot))                 0.14724
  The Pearson correlation coefficient (r2)               0.97855

 Center of Mass (a.u.):
 #MEP    X          Y          Z
   1    1.68793   -1.21777    3.02388
   2    4.07690    0.07568   -3.02388

 Dipole moments (Debye) computed:
 -with respect to the origin of coordinates (ooc)
 -with respect to the center of mass (com)
 #MEP         D          Dx         Dy         Dz
   1 ooc    2.65956     0.63823    2.47882   -0.72205
   1 com    2.65956     0.63823    2.47882   -0.72205

   2 ooc    2.65955    -2.40214    0.88407    0.72205
   2 com    2.65955    -2.40214    0.88407    0.72205

 Traceless Quadrupole moments (Buckingham) computed:
 -with respect to the origin of coordinates (ooc)
 -with respect to the center of mass (com)
 #MEP          X          Y          Z
   1 ooc X   30.26258
         Y    5.91695  -34.86123
         Z   -8.97105   47.54864    4.59865
   1 com X   22.47671
         Y    0.50845  -29.64231
         Z  -10.10003   34.25313    7.16561

   2 ooc X  -30.81362
         Y   29.98837   17.97561
         Z   38.64332  -31.93852   12.83801
   2 com X  -12.32405
         Y   24.55506    5.15841
         Z   22.43858  -27.78126    7.16564

 Traceless Quadrupole moments (Buckingham) in principal axes computed:
 -with respect to the origin of coordinates (ooc)
 -with respect to the center of mass (com)
 #MEP          X          Y          Z
   1 ooc X   38.67741
         Y    0.00000   28.93701
         Z   -0.00000   -0.00000  -67.61442
   1 com X   33.99175
         Y   -0.00000   16.56861
         Z    0.00000   -0.00000  -50.56036

   2 ooc X   47.86359
         Y    0.00000   25.19247
         Z    0.00000   -0.00000  -73.05606
   2 com X   33.99180
         Y    0.00000   16.56861
         Z   -0.00000   -0.00000  -50.56041
