
          -------------------------------------------------------
          Amber 24 PMEMD                              2024
          -------------------------------------------------------

| PMEMD implementation of SANDER, Release 24

|  Compiled date/time: Thu Apr  3 16:55:38 2025
| Run on 09/15/2025 at 12:53:27

|   Executable path: pmemd.cuda
| Working directory: /panfs/accrepfs.vampire/data/kojetin_lab/Mithun/My_Github/Amber_noncovalent_run/Minimization
|          Hostname: gpu0015

  [-O]verwriting output

File Assignments:
|   MDIN: step4.in                                                              
|  MDOUT: step4.out                                                             
| INPCRD: step3.rst7                                                            
|   PARM: ../prepin.prmtop                                                      
| RESTRT: step4.rst7                                                            
|   REFC: step3.rst7                                                            
|  MDVEL: mdvel                                                                 
|   MDEN: mden                                                                  
|  MDCRD: step4.nc                                                              
| MDINFO: step4.mdinfo                                                          
|  MDFRC: mdfrc                                                                 


 Here is the input file:

Min explicit solvent minimal heavy atom rest no shake                          
&cntrl                                                                         
  imin = 1, ntmin = 2, maxcyc = 2000,                                          
  ntwx = 1000, ioutfm = 1, ntpr = 50, ntwr = 500,                              
  ntc = 1, ntf = 1, ntb = 1, cut = 8.0,                                        
  igb = 0, saltcon = 0.0,                                                      
  ntr = 1, restraintmask = ':276-1 & !@H=', restraint_wt = 0.1,                
&end                                                                           


Note: ig = -1. Setting random seed to   849124 based on wallclock time in 
      microseconds.
| irandom = 1, using AMBER's internal random number generator (default).
 
|--------------------- INFORMATION ----------------------
| GPU (CUDA) Version of PMEMD in use: NVIDIA GPU IN USE.
|                    Version 18.0.0
| 
|                      03/25/2018
| 
| Implementation by:
|                    Ross C. Walker     (SDSC)
|                    Scott Le Grand     (nVIDIA)
| 
| Version 18 performance extensions by:
|                    David Cerutti     (Rutgers)
| 
| Precision model in use:
|      [SPFP] - Single Precision Forces, 64-bit Fixed Point
|               Accumulation. (Default)
| 
|--------------------------------------------------------
 
|----------------- CITATION INFORMATION -----------------
|
|    When publishing work that utilized the CUDA version
|    of AMBER, please cite the following in addition to
|    the regular AMBER citations:
|
|  - Romelia Salomon-Ferrer; Andreas W. Goetz; Duncan
|    Poole; Scott Le Grand; Ross C. Walker "Routine
|    microsecond molecular dynamics simulations with
|    AMBER - Part II: Particle Mesh Ewald", J. Chem.
|    Theory Comput., 2013, 9 (9), pp3878-3888,
|    DOI: 10.1021/ct400314y.
|
|  - Andreas W. Goetz; Mark J. Williamson; Dong Xu;
|    Duncan Poole; Scott Le Grand; Ross C. Walker
|    "Routine microsecond molecular dynamics simulations
|    with AMBER - Part I: Generalized Born", J. Chem.
|    Theory Comput., 2012, 8 (5), pp1542-1555.
|
|  - Scott Le Grand; Andreas W. Goetz; Ross C. Walker
|    "SPFP: Speed without compromise - a mixed precision
|    model for GPU accelerated molecular dynamics
|    simulations.", Comp. Phys. Comm., 2013, 184
|    pp374-380, DOI: 10.1016/j.cpc.2012.09.022
|
|--------------------------------------------------------
 
|------------------- GPU DEVICE INFO --------------------
|
|            CUDA_VISIBLE_DEVICES: 0
|   CUDA Capable Devices Detected:      1
|           CUDA Device ID in use:      0
|                CUDA Device Name: NVIDIA TITAN X (Pascal)
|     CUDA Device Global Mem Size:  12183 MB
| CUDA Device Num Multiprocessors:     28
|           CUDA Device Core Freq:   1.53 GHz
|
|--------------------------------------------------------
 
 
| Conditional Compilation Defines Used:
| PUBFFT
| BINTRAJ
| CUDA
| EMIL

| Largest sphere to fit in unit cell has radius =    33.145

| New format PARM file being parsed.
| Version =    1.000 Date = 09/15/25 Time = 12:48:30

| Note: 1-4 EEL scale factors are being read from the topology file.

| Note: 1-4 VDW scale factors are being read from the topology file.
| Duplicated    0 dihedrals

| Duplicated    0 dihedrals

--------------------------------------------------------------------------------
   1.  RESOURCE   USE: 
--------------------------------------------------------------------------------

 getting box info from netcdf restart file
 NATOM  =   36074 NTYPES =      27 NBONH =   33811 MBONA  =    2276
 NTHETH =    5254 MTHETA =    3069 NPHIH =   10329 MPHIA  =    9843
 NHPARM =       0 NPARM  =       0 NNB   =   67179 NRES   =   10809
 NBONA  =    2276 NTHETA =    3069 NPHIA =    9843 NUMBND =      75
 NUMANG =     174 NPTRA  =     206 NATYP =      39 NPHB   =       0
 IFBOX  =       2 NMXRS  =      44 IFCAP =       0 NEXTRA =       0
 NCOPY  =       0

| Coordinate Index Table dimensions:    16   16   16
| Direct force subcell size =     5.0743    5.0743    5.0743

     BOX TYPE: TRUNCATED OCTAHEDRON

--------------------------------------------------------------------------------
   2.  CONTROL  DATA  FOR  THE  RUN
--------------------------------------------------------------------------------

default_name                                                                    

General flags:
     imin    =       1, nmropt  =       0

Nature and format of input:
     ntx     =       1, irest   =       0, ntrx    =       1

Nature and format of output:
     ntxo    =       2, ntpr    =      50, ntrx    =       1, ntwr    =     500
     iwrap   =       0, ntwx    =    1000, ntwv    =       0, ntwe    =       0
     ioutfm  =       1, ntwprt  =       0, idecomp =       0, rbornstat=      0

Potential function:
     ntf     =       1, ntb     =       1, igb     =       0, nsnb    =      25
     ipol    =       0, gbsa    =       0, iesp    =       0
     dielc   =   1.00000, cut     =   8.00000, intdiel =   1.00000

Frozen or restrained atoms:
     ibelly  =       0, ntr     =       1
     restraint_wt =   0.10000

Energy minimization:
     maxcyc  =    2000, ncyc    =      10, ntmin   =       2
     dx0     =   0.01000, drms    =   0.00010

| Intermolecular bonds treatment:
|     no_intermolecular_bonds =       1

| Energy averages sample interval:
|     ene_avg_sampling =       1

Ewald parameters:
     verbose =       0, ew_type =       0, nbflag  =       1, use_pme =       1
     vdwmeth =       1, eedmeth =       1, netfrc  =       0
     Box X =   81.189   Box Y =   81.189   Box Z =   81.189
     Alpha =  109.471   Beta  =  109.471   Gamma =  109.471
     NFFT1 =   84       NFFT2 =   84       NFFT3 =   84
     Cutoff=    8.000   Tol   =0.100E-04
     Ewald Coefficient =  0.34864
     Interpolation order =    4

    LOADING THE CONSTRAINED ATOMS AS GROUPS


   5.  REFERENCE ATOM COORDINATES

  default_name                                                                    
     Mask :276-1 & !@H=; matches     0 atoms

--------------------------------------------------------------------------------
   3.  ATOMIC COORDINATES AND VELOCITIES
--------------------------------------------------------------------------------

default_name                                                                    
 begin time read from input coords =     0.000 ps

 
 Number of triangulated 3-point waters found:    10505

     Sum of charges from parm topology file =  -0.00000017
     Forcing neutrality...

| Dynamic Memory, Types Used:
| Reals             1064512
| Integers          1513313

| Nonbonded Pairs Initial Allocation:     6025259

| GPU memory information (estimate):
| KB of GPU memory in use:    161121
| KB of CPU memory in use:     71084

--------------------------------------------------------------------------------
   4.  RESULTS
--------------------------------------------------------------------------------



   NSTEP       ENERGY          RMS            GMAX         NAME    NUMBER
      1      -1.4134E+05     4.0614E-01     4.9266E+01     C2          2

 BOND    =     9775.0636  ANGLE   =      602.0884  DIHED      =     3195.6674
 VDWAALS =    19528.7120  EEL     =  -188046.1581  HBOND      =        0.0000
 1-4 VDW =      854.6281  1-4 EEL =    12746.5329  RESTRAINT  =        0.0000


   NSTEP       ENERGY          RMS            GMAX         NAME    NUMBER
     50      -1.4141E+05     3.5569E-01     4.4848E+01     C2          2

 BOND    =     9786.9480  ANGLE   =      601.8635  DIHED      =     3195.4620
 VDWAALS =    19589.0375  EEL     =  -188182.9122  HBOND      =        0.0000
 1-4 VDW =      854.6072  1-4 EEL =    12746.4557  RESTRAINT  =        0.0000


   NSTEP       ENERGY          RMS            GMAX         NAME    NUMBER
    100      -1.4147E+05     5.1618E-01     6.0304E+01     C2          2

 BOND    =     9801.2055  ANGLE   =      602.4317  DIHED      =     3195.2523
 VDWAALS =    19650.2367  EEL     =  -188322.0088  HBOND      =        0.0000
 1-4 VDW =      854.5983  1-4 EEL =    12746.3428  RESTRAINT  =        0.0000


   NSTEP       ENERGY          RMS            GMAX         NAME    NUMBER
    150      -1.4154E+05     2.9163E-01     3.5195E+01     C2          2

 BOND    =     9811.6084  ANGLE   =      600.8329  DIHED      =     3195.0707
 VDWAALS =    19708.6698  EEL     =  -188455.4293  HBOND      =        0.0000
 1-4 VDW =      854.5649  1-4 EEL =    12746.4084  RESTRAINT  =        0.0000


   NSTEP       ENERGY          RMS            GMAX         NAME    NUMBER
    200      -1.4160E+05     4.3363E-01     4.8719E+01     C2          2

 BOND    =     9824.5770  ANGLE   =      601.0268  DIHED      =     3194.8825
 VDWAALS =    19764.4818  EEL     =  -188583.2185  HBOND      =        0.0000
 1-4 VDW =      854.5586  1-4 EEL =    12746.3550  RESTRAINT  =        0.0000


   NSTEP       ENERGY          RMS            GMAX         NAME    NUMBER
    250      -1.4166E+05     1.2905E-01     6.6675E+00     C2          2

 BOND    =     9832.7405  ANGLE   =      600.8023  DIHED      =     3194.7144
 VDWAALS =    19818.4835  EEL     =  -188707.0798  HBOND      =        0.0000
 1-4 VDW =      854.5253  1-4 EEL =    12746.1886  RESTRAINT  =        0.0000


   NSTEP       ENERGY          RMS            GMAX         NAME    NUMBER
    300      -1.4172E+05     3.6042E-01     4.1396E+01     C2          2

 BOND    =     9844.7457  ANGLE   =      601.4780  DIHED      =     3194.5461
 VDWAALS =    19871.0967  EEL     =  -188827.8261  HBOND      =        0.0000
 1-4 VDW =      854.5020  1-4 EEL =    12746.0497  RESTRAINT  =        0.0000


   NSTEP       ENERGY          RMS            GMAX         NAME    NUMBER
    350      -1.4177E+05     1.2455E-01     6.5806E+00     C2          2

 BOND    =     9853.9870  ANGLE   =      600.5648  DIHED      =     3194.3797
 VDWAALS =    19921.2708  EEL     =  -188943.6801  HBOND      =        0.0000
 1-4 VDW =      854.4910  1-4 EEL =    12746.0613  RESTRAINT  =        0.0000


   NSTEP       ENERGY          RMS            GMAX         NAME    NUMBER
    400      -1.4183E+05     3.2578E-01     3.8232E+01     C2          2

 BOND    =     9866.0278  ANGLE   =      600.5927  DIHED      =     3194.2136
 VDWAALS =    19971.9997  EEL     =  -189060.9688  HBOND      =        0.0000
 1-4 VDW =      854.4775  1-4 EEL =    12746.0361  RESTRAINT  =        0.0000


   NSTEP       ENERGY          RMS            GMAX         NAME    NUMBER
    450      -1.4188E+05     1.3849E-01     1.1157E+01     C2          2

 BOND    =     9873.9837  ANGLE   =      600.6007  DIHED      =     3194.0694
 VDWAALS =    20018.4946  EEL     =  -189168.3573  HBOND      =        0.0000
 1-4 VDW =      854.4524  1-4 EEL =    12745.8896  RESTRAINT  =        0.0000


   NSTEP       ENERGY          RMS            GMAX         NAME    NUMBER
    500      -1.4193E+05     2.6500E-01     3.1145E+01     C2          2

 BOND    =     9884.1023  ANGLE   =      600.9353  DIHED      =     3193.9230
 VDWAALS =    20064.7258  EEL     =  -189275.3341  HBOND      =        0.0000
 1-4 VDW =      854.4377  1-4 EEL =    12745.7884  RESTRAINT  =        0.0000


   NSTEP       ENERGY          RMS            GMAX         NAME    NUMBER
    550      -1.4198E+05     3.9297E-01     4.2917E+01     C2          2

 BOND    =     9894.2089  ANGLE   =      601.2157  DIHED      =     3193.7995
 VDWAALS =    20108.2091  EEL     =  -189376.0269  HBOND      =        0.0000
 1-4 VDW =      854.4113  1-4 EEL =    12745.6936  RESTRAINT  =        0.0000


   NSTEP       ENERGY          RMS            GMAX         NAME    NUMBER
    600      -1.4203E+05     1.6211E-01     1.5299E+01     C2          2

 BOND    =     9901.8656  ANGLE   =      600.2114  DIHED      =     3193.6737
 VDWAALS =    20150.6998  EEL     =  -189475.0207  HBOND      =        0.0000
 1-4 VDW =      854.4013  1-4 EEL =    12745.7324  RESTRAINT  =        0.0000


   NSTEP       ENERGY          RMS            GMAX         NAME    NUMBER
    650      -1.4208E+05     3.4522E-01     3.4997E+01     CD       4025

 BOND    =     9912.4016  ANGLE   =      600.2167  DIHED      =     3193.5619
 VDWAALS =    20193.8852  EEL     =  -189575.6359  HBOND      =        0.0000
 1-4 VDW =      854.3779  1-4 EEL =    12745.6935  RESTRAINT  =        0.0000


   NSTEP       ENERGY          RMS            GMAX         NAME    NUMBER
    700      -1.4212E+05     1.4775E-01     1.4602E+01     C2          2

 BOND    =     9919.1977  ANGLE   =      600.3338  DIHED      =     3193.4425
 VDWAALS =    20234.8758  EEL     =  -189671.4031  HBOND      =        0.0000
 1-4 VDW =      854.3736  1-4 EEL =    12745.5511  RESTRAINT  =        0.0000


   NSTEP       ENERGY          RMS            GMAX         NAME    NUMBER
    750      -1.4217E+05     2.9444E-01     3.7288E+01     C2          2

 BOND    =     9928.3620  ANGLE   =      600.7457  DIHED      =     3193.3395
 VDWAALS =    20274.7840  EEL     =  -189765.1827  HBOND      =        0.0000
 1-4 VDW =      854.3630  1-4 EEL =    12745.4566  RESTRAINT  =        0.0000


   NSTEP       ENERGY          RMS            GMAX         NAME    NUMBER
    800      -1.4221E+05     4.1594E-01     5.0833E+01     C2          2

 BOND    =     9937.4697  ANGLE   =      601.1092  DIHED      =     3193.2523
 VDWAALS =    20312.6697  EEL     =  -189854.2666  HBOND      =        0.0000
 1-4 VDW =      854.3437  1-4 EEL =    12745.3716  RESTRAINT  =        0.0000


   NSTEP       ENERGY          RMS            GMAX         NAME    NUMBER
    850      -1.4226E+05     1.8477E-01     1.9370E+01     C2          2

 BOND    =     9944.1237  ANGLE   =      599.9157  DIHED      =     3193.1632
 VDWAALS =    20349.5806  EEL     =  -189941.8209  HBOND      =        0.0000
 1-4 VDW =      854.3399  1-4 EEL =    12745.4225  RESTRAINT  =        0.0000


   NSTEP       ENERGY          RMS            GMAX         NAME    NUMBER
    900      -1.4230E+05     3.5110E-01     3.9977E+01     C2          2

 BOND    =     9953.3866  ANGLE   =      599.9679  DIHED      =     3193.0887
 VDWAALS =    20385.7613  EEL     =  -190027.7164  HBOND      =        0.0000
 1-4 VDW =      854.3213  1-4 EEL =    12745.4049  RESTRAINT  =        0.0000


   NSTEP       ENERGY          RMS            GMAX         NAME    NUMBER
    950      -1.4234E+05     1.0670E-01     4.9273E+00     C2          2

 BOND    =     9958.9151  ANGLE   =      599.9345  DIHED      =     3193.0033
 VDWAALS =    20420.8340  EEL     =  -190110.7369  HBOND      =        0.0000
 1-4 VDW =      854.3162  1-4 EEL =    12745.2837  RESTRAINT  =        0.0000


   NSTEP       ENERGY          RMS            GMAX         NAME    NUMBER
   1000      -1.4238E+05     3.1765E-01     3.6751E+01     C2          2

 BOND    =     9967.7080  ANGLE   =      600.5065  DIHED      =     3192.9215
 VDWAALS =    20457.4088  EEL     =  -190196.9591  HBOND      =        0.0000
 1-4 VDW =      854.3113  1-4 EEL =    12745.1858  RESTRAINT  =        0.0000


   NSTEP       ENERGY          RMS            GMAX         NAME    NUMBER
   1050      -1.4242E+05     1.0597E-01     5.8259E+00     C2          2

 BOND    =     9974.2701  ANGLE   =      599.7314  DIHED      =     3192.8562
 VDWAALS =    20491.9985  EEL     =  -190277.6397  HBOND      =        0.0000
 1-4 VDW =      854.2933  1-4 EEL =    12745.2123  RESTRAINT  =        0.0000


   NSTEP       ENERGY          RMS            GMAX         NAME    NUMBER
   1100      -1.4246E+05     2.6719E-01     3.0637E+01     C2          2

 BOND    =     9982.8774  ANGLE   =      599.7005  DIHED      =     3192.7854
 VDWAALS =    20527.6249  EEL     =  -190359.8178  HBOND      =        0.0000
 1-4 VDW =      854.2884  1-4 EEL =    12745.2186  RESTRAINT  =        0.0000


   NSTEP       ENERGY          RMS            GMAX         NAME    NUMBER
   1150      -1.4249E+05     4.1523E-01     5.3513E+01     CD       4025

 BOND    =     9991.5735  ANGLE   =      599.7581  DIHED      =     3192.7289
 VDWAALS =    20562.2349  EEL     =  -190438.7599  HBOND      =        0.0000
 1-4 VDW =      854.2519  1-4 EEL =    12745.1831  RESTRAINT  =        0.0000


   NSTEP       ENERGY          RMS            GMAX         NAME    NUMBER
   1200      -1.4253E+05     1.4893E-01     1.4596E+01     C2          2

 BOND    =     9996.1629  ANGLE   =      599.7851  DIHED      =     3192.6535
 VDWAALS =    20596.7459  EEL     =  -190517.0592  HBOND      =        0.0000
 1-4 VDW =      854.2695  1-4 EEL =    12745.0811  RESTRAINT  =        0.0000


   NSTEP       ENERGY          RMS            GMAX         NAME    NUMBER
   1250      -1.4257E+05     9.6974E-02     4.5230E+00     C2          2

 BOND    =    10003.1079  ANGLE   =      599.5253  DIHED      =     3192.5959
 VDWAALS =    20630.6253  EEL     =  -190593.5235  HBOND      =        0.0000
 1-4 VDW =      854.2590  1-4 EEL =    12745.0840  RESTRAINT  =        0.0000


   NSTEP       ENERGY          RMS            GMAX         NAME    NUMBER
   1300      -1.4260E+05     9.9400E-02     5.1289E+00     C2          2

 BOND    =    10009.8335  ANGLE   =      599.4728  DIHED      =     3192.5418
 VDWAALS =    20663.4675  EEL     =  -190667.6711  HBOND      =        0.0000
 1-4 VDW =      854.2503  1-4 EEL =    12745.0644  RESTRAINT  =        0.0000


   NSTEP       ENERGY          RMS            GMAX         NAME    NUMBER
   1350      -1.4264E+05     2.6575E-01     2.9971E+01     C2          2

 BOND    =    10017.5195  ANGLE   =      599.4320  DIHED      =     3192.4946
 VDWAALS =    20695.9507  EEL     =  -190741.0366  HBOND      =        0.0000
 1-4 VDW =      854.2426  1-4 EEL =    12745.0969  RESTRAINT  =        0.0000


   NSTEP       ENERGY          RMS            GMAX         NAME    NUMBER
   1400      -1.4267E+05     9.3235E-02     3.6329E+00     C2          2

 BOND    =    10022.7587  ANGLE   =      599.4432  DIHED      =     3192.4392
 VDWAALS =    20727.2234  EEL     =  -190811.5887  HBOND      =        0.0000
 1-4 VDW =      854.2307  1-4 EEL =    12745.0169  RESTRAINT  =        0.0000


   NSTEP       ENERGY          RMS            GMAX         NAME    NUMBER
   1450      -1.4270E+05     2.5548E-01     2.3171E+01     C2          2

 BOND    =    10029.6153  ANGLE   =      599.7162  DIHED      =     3192.3986
 VDWAALS =    20759.1200  EEL     =  -190882.7175  HBOND      =        0.0000
 1-4 VDW =      854.2299  1-4 EEL =    12744.9822  RESTRAINT  =        0.0000


   NSTEP       ENERGY          RMS            GMAX         NAME    NUMBER
   1500      -1.4273E+05     3.8134E-01     5.6660E+01     CG       3353

 BOND    =    10036.7208  ANGLE   =      599.8470  DIHED      =     3192.3586
 VDWAALS =    20790.2203  EEL     =  -190951.9997  HBOND      =        0.0000
 1-4 VDW =      854.2432  1-4 EEL =    12744.9937  RESTRAINT  =        0.0000


   NSTEP       ENERGY          RMS            GMAX         NAME    NUMBER
   1550      -1.4277E+05     1.5747E-01     1.4255E+01     C2          2

 BOND    =    10041.9524  ANGLE   =      599.1867  DIHED      =     3192.3076
 VDWAALS =    20820.7471  EEL     =  -191020.2482  HBOND      =        0.0000
 1-4 VDW =      854.2035  1-4 EEL =    12745.0562  RESTRAINT  =        0.0000


   NSTEP       ENERGY          RMS            GMAX         NAME    NUMBER
   1600      -1.4280E+05     9.1983E-02     4.4185E+00     C2          2

 BOND    =    10047.6716  ANGLE   =      599.2648  DIHED      =     3192.2639
 VDWAALS =    20850.9510  EEL     =  -191087.2779  HBOND      =        0.0000
 1-4 VDW =      854.1854  1-4 EEL =    12745.0324  RESTRAINT  =        0.0000


   NSTEP       ENERGY          RMS            GMAX         NAME    NUMBER
   1650      -1.4283E+05     9.1680E-02     4.3956E+00     C2          2

 BOND    =    10053.6246  ANGLE   =      599.2185  DIHED      =     3192.2288
 VDWAALS =    20880.4369  EEL     =  -191152.9281  HBOND      =        0.0000
 1-4 VDW =      854.1719  1-4 EEL =    12745.0601  RESTRAINT  =        0.0000


   NSTEP       ENERGY          RMS            GMAX         NAME    NUMBER
   1700      -1.4286E+05     2.6993E-01     2.6963E+01     C2          2

 BOND    =    10060.3496  ANGLE   =      599.6401  DIHED      =     3192.1921
 VDWAALS =    20909.8290  EEL     =  -191218.8227  HBOND      =        0.0000
 1-4 VDW =      854.1497  1-4 EEL =    12745.0424  RESTRAINT  =        0.0000


   NSTEP       ENERGY          RMS            GMAX         NAME    NUMBER
   1750      -1.4289E+05     9.0120E-02     3.7528E+00     C2          2

 BOND    =    10065.2392  ANGLE   =      599.0372  DIHED      =     3192.1798
 VDWAALS =    20937.4532  EEL     =  -191281.0044  HBOND      =        0.0000
 1-4 VDW =      854.1517  1-4 EEL =    12745.1775  RESTRAINT  =        0.0000


   NSTEP       ENERGY          RMS            GMAX         NAME    NUMBER
   1800      -1.4292E+05     1.5869E-01     1.3323E+01     C2          2

 BOND    =    10071.2836  ANGLE   =      598.9336  DIHED      =     3192.1685
 VDWAALS =    20965.6633  EEL     =  -191345.0150  HBOND      =        0.0000
 1-4 VDW =      854.1479  1-4 EEL =    12745.2815  RESTRAINT  =        0.0000


   NSTEP       ENERGY          RMS            GMAX         NAME    NUMBER
   1850      -1.4295E+05     3.0491E-01     3.1231E+01     C2          2

 BOND    =    10078.2753  ANGLE   =      598.9956  DIHED      =     3192.1582
 VDWAALS =    20992.9843  EEL     =  -191407.8686  HBOND      =        0.0000
 1-4 VDW =      854.1210  1-4 EEL =    12745.4002  RESTRAINT  =        0.0000


   NSTEP       ENERGY          RMS            GMAX         NAME    NUMBER
   1900      -1.4298E+05     1.2887E-01     1.0143E+01     C2          2

 BOND    =    10081.9816  ANGLE   =      599.0291  DIHED      =     3192.1656
 VDWAALS =    21019.0523  EEL     =  -191467.8547  HBOND      =        0.0000
 1-4 VDW =      854.1273  1-4 EEL =    12745.4369  RESTRAINT  =        0.0000


   NSTEP       ENERGY          RMS            GMAX         NAME    NUMBER
   1950      -1.4300E+05     2.7802E-01     3.7295E+01     CG       3353

 BOND    =    10088.3323  ANGLE   =      599.2844  DIHED      =     3192.1711
 VDWAALS =    21044.8329  EEL     =  -191527.9422  HBOND      =        0.0000
 1-4 VDW =      854.0895  1-4 EEL =    12745.5205  RESTRAINT  =        0.0000


   NSTEP       ENERGY          RMS            GMAX         NAME    NUMBER
   2000      -1.4303E+05     8.9095E-02     4.0393E+00     C2          2

 BOND    =    10092.4969  ANGLE   =      598.7761  DIHED      =     3192.2154
 VDWAALS =    21069.6550  EEL     =  -191585.1654  HBOND      =        0.0000
 1-4 VDW =      854.0985  1-4 EEL =    12745.7475  RESTRAINT  =        0.0000


  Maximum number of minimization cycles reached.


                    FINAL RESULTS



   NSTEP       ENERGY          RMS            GMAX         NAME    NUMBER
   2000      -1.4303E+05     8.9095E-02     4.0393E+00     C2          2

 BOND    =    10092.4969  ANGLE   =      598.7761  DIHED      =     3192.2154
 VDWAALS =    21069.6550  EEL     =  -191585.1654  HBOND      =        0.0000
 1-4 VDW =      854.0985  1-4 EEL =    12745.7475  RESTRAINT  =        0.0000
--------------------------------------------------------------------------------
   5.  TIMINGS
--------------------------------------------------------------------------------

|  NonSetup CPU Time in Major Routines:
|
|     Routine           Sec        %
|     ------------------------------
|     Nonbond           1.32   29.77
|     Bond              0.00    0.00
|     Angle             0.00    0.00
|     Dihedral          0.00    0.00
|     Shake             0.00    0.00
|     Other             3.12   70.23
|     ------------------------------
|     Total             4.45

|  PME Nonbond Pairlist CPU Time:
|
|     Routine              Sec        %
|     ---------------------------------
|     Set Up Cit           0.00    0.00
|     Build List           0.00    0.00
|     ---------------------------------
|     Total                0.00    0.00

|  PME Direct Force CPU Time:
|
|     Routine              Sec        %
|     ---------------------------------
|     NonBonded Calc       0.00    0.00
|     Exclude Masked       0.00    0.00
|     Other                0.00    0.09
|     ---------------------------------
|     Total                0.00    0.09

|  PME Reciprocal Force CPU Time:
|
|     Routine              Sec        %
|     ---------------------------------
|     1D bspline           0.00    0.00
|     Grid Charges         0.00    0.00
|     Scalar Sum           0.00    0.00
|     Gradient Sum         0.00    0.00
|     FFT                  0.00    0.00
|     ---------------------------------
|     Total                0.00    0.00

|  Setup CPU time:            0.49 seconds
|  NonSetup CPU time:         4.45 seconds
|  Total CPU time:            4.93 seconds     0.00 hours

|  Setup wall time:           0    seconds
|  NonSetup wall time:        5    seconds
|  Total wall time:           5    seconds     0.00 hours
