
          -------------------------------------------------------
          Amber 24 PMEMD                              2024
          -------------------------------------------------------

| PMEMD implementation of SANDER, Release 24

|  Compiled date/time: Thu Apr  3 16:55:38 2025
| Run on 09/15/2025 at 12:52:51

|   Executable path: pmemd.cuda
| Working directory: /panfs/accrepfs.vampire/data/kojetin_lab/Mithun/My_Github/Amber_noncovalent_run/Minimization
|          Hostname: gpu0015

  [-O]verwriting output

File Assignments:
|   MDIN: step1.in                                                              
|  MDOUT: step1.out                                                             
| INPCRD: ../prepin.inpcrd                                                      
|   PARM: ../prepin.prmtop                                                      
| RESTRT: step1.rst7                                                            
|   REFC: ../prepin.inpcrd                                                      
|  MDVEL: mdvel                                                                 
|   MDEN: mden                                                                  
|  MDCRD: step1.nc                                                              
| MDINFO: step1.mdinfo                                                          
|  MDFRC: mdfrc                                                                 


 Here is the input file:

Min explicit solvent heavy atom rest no shake                                  
&cntrl                                                                         
  imin = 1, ntmin = 2, maxcyc = 2000,                                          
  ntwx = 1000, ioutfm = 1, ntpr = 50, ntwr = 500,                              
  ntc = 1, ntf = 1, ntb = 1, cut = 8.0,                                        
  igb = 0, saltcon = 0.0,                                                      
  ntr = 1, restraintmask = ':276-1 & !@H=', restraint_wt = 5.0,                
&end                                                                           


Note: ig = -1. Setting random seed to   490124 based on wallclock time in 
      microseconds.
| irandom = 1, using AMBER's internal random number generator (default).
 
|--------------------- INFORMATION ----------------------
| GPU (CUDA) Version of PMEMD in use: NVIDIA GPU IN USE.
|                    Version 18.0.0
| 
|                      03/25/2018
| 
| Implementation by:
|                    Ross C. Walker     (SDSC)
|                    Scott Le Grand     (nVIDIA)
| 
| Version 18 performance extensions by:
|                    David Cerutti     (Rutgers)
| 
| Precision model in use:
|      [SPFP] - Single Precision Forces, 64-bit Fixed Point
|               Accumulation. (Default)
| 
|--------------------------------------------------------
 
|----------------- CITATION INFORMATION -----------------
|
|    When publishing work that utilized the CUDA version
|    of AMBER, please cite the following in addition to
|    the regular AMBER citations:
|
|  - Romelia Salomon-Ferrer; Andreas W. Goetz; Duncan
|    Poole; Scott Le Grand; Ross C. Walker "Routine
|    microsecond molecular dynamics simulations with
|    AMBER - Part II: Particle Mesh Ewald", J. Chem.
|    Theory Comput., 2013, 9 (9), pp3878-3888,
|    DOI: 10.1021/ct400314y.
|
|  - Andreas W. Goetz; Mark J. Williamson; Dong Xu;
|    Duncan Poole; Scott Le Grand; Ross C. Walker
|    "Routine microsecond molecular dynamics simulations
|    with AMBER - Part I: Generalized Born", J. Chem.
|    Theory Comput., 2012, 8 (5), pp1542-1555.
|
|  - Scott Le Grand; Andreas W. Goetz; Ross C. Walker
|    "SPFP: Speed without compromise - a mixed precision
|    model for GPU accelerated molecular dynamics
|    simulations.", Comp. Phys. Comm., 2013, 184
|    pp374-380, DOI: 10.1016/j.cpc.2012.09.022
|
|--------------------------------------------------------
 
|------------------- GPU DEVICE INFO --------------------
|
|            CUDA_VISIBLE_DEVICES: 0
|   CUDA Capable Devices Detected:      1
|           CUDA Device ID in use:      0
|                CUDA Device Name: NVIDIA TITAN X (Pascal)
|     CUDA Device Global Mem Size:  12183 MB
| CUDA Device Num Multiprocessors:     28
|           CUDA Device Core Freq:   1.53 GHz
|
|--------------------------------------------------------
 
 
| Conditional Compilation Defines Used:
| PUBFFT
| BINTRAJ
| CUDA
| EMIL

| Largest sphere to fit in unit cell has radius =    33.145

| New format PARM file being parsed.
| Version =    1.000 Date = 09/15/25 Time = 12:48:30

| Note: 1-4 EEL scale factors are being read from the topology file.

| Note: 1-4 VDW scale factors are being read from the topology file.
| Duplicated    0 dihedrals

| Duplicated    0 dihedrals

--------------------------------------------------------------------------------
   1.  RESOURCE   USE: 
--------------------------------------------------------------------------------

 getting new box info from bottom of inpcrd
 NATOM  =   36074 NTYPES =      27 NBONH =   33811 MBONA  =    2276
 NTHETH =    5254 MTHETA =    3069 NPHIH =   10329 MPHIA  =    9843
 NHPARM =       0 NPARM  =       0 NNB   =   67179 NRES   =   10809
 NBONA  =    2276 NTHETA =    3069 NPHIA =    9843 NUMBND =      75
 NUMANG =     174 NPTRA  =     206 NATYP =      39 NPHB   =       0
 IFBOX  =       2 NMXRS  =      44 IFCAP =       0 NEXTRA =       0
 NCOPY  =       0

| Coordinate Index Table dimensions:    16   16   16
| Direct force subcell size =     5.0743    5.0743    5.0743

     BOX TYPE: TRUNCATED OCTAHEDRON

--------------------------------------------------------------------------------
   2.  CONTROL  DATA  FOR  THE  RUN
--------------------------------------------------------------------------------

default_name                                                                    

General flags:
     imin    =       1, nmropt  =       0

Nature and format of input:
     ntx     =       1, irest   =       0, ntrx    =       1

Nature and format of output:
     ntxo    =       2, ntpr    =      50, ntrx    =       1, ntwr    =     500
     iwrap   =       0, ntwx    =    1000, ntwv    =       0, ntwe    =       0
     ioutfm  =       1, ntwprt  =       0, idecomp =       0, rbornstat=      0

Potential function:
     ntf     =       1, ntb     =       1, igb     =       0, nsnb    =      25
     ipol    =       0, gbsa    =       0, iesp    =       0
     dielc   =   1.00000, cut     =   8.00000, intdiel =   1.00000

Frozen or restrained atoms:
     ibelly  =       0, ntr     =       1
     restraint_wt =   5.00000

Energy minimization:
     maxcyc  =    2000, ncyc    =      10, ntmin   =       2
     dx0     =   0.01000, drms    =   0.00010

| Intermolecular bonds treatment:
|     no_intermolecular_bonds =       1

| Energy averages sample interval:
|     ene_avg_sampling =       1

Ewald parameters:
     verbose =       0, ew_type =       0, nbflag  =       1, use_pme =       1
     vdwmeth =       1, eedmeth =       1, netfrc  =       0
     Box X =   81.189   Box Y =   81.189   Box Z =   81.189
     Alpha =  109.471   Beta  =  109.471   Gamma =  109.471
     NFFT1 =   84       NFFT2 =   84       NFFT3 =   84
     Cutoff=    8.000   Tol   =0.100E-04
     Ewald Coefficient =  0.34864
     Interpolation order =    4

    LOADING THE CONSTRAINED ATOMS AS GROUPS


   5.  REFERENCE ATOM COORDINATES

  default_name                                                                    
     Mask :276-1 & !@H=; matches     0 atoms

--------------------------------------------------------------------------------
   3.  ATOMIC COORDINATES AND VELOCITIES
--------------------------------------------------------------------------------

default_name                                                                    
 begin time read from input coords =     0.000 ps

 
 Number of triangulated 3-point waters found:    10505

     Sum of charges from parm topology file =  -0.00000017
     Forcing neutrality...

| Dynamic Memory, Types Used:
| Reals             1064512
| Integers          1513313

| Nonbonded Pairs Initial Allocation:     6025259

| GPU memory information (estimate):
| KB of GPU memory in use:    161121
| KB of CPU memory in use:     71084

--------------------------------------------------------------------------------
   4.  RESULTS
--------------------------------------------------------------------------------



   NSTEP       ENERGY          RMS            GMAX         NAME    NUMBER
      1      -9.5788E+04     1.2631E+01     3.5275E+02     N3          4

 BOND    =      410.6011  ANGLE   =      661.6654  DIHED      =     3378.8812
 VDWAALS =     9238.1299  EEL     =  -124281.9459  HBOND      =        0.0000
 1-4 VDW =     1338.7960  1-4 EEL =    13465.5306  RESTRAINT  =        0.0000


   NSTEP       ENERGY          RMS            GMAX         NAME    NUMBER
     50      -1.1532E+05     5.1758E+00     3.4201E+01     H2      28394

 BOND    =     7978.8399  ANGLE   =      586.9947  DIHED      =     3392.5067
 VDWAALS =     8247.6667  EEL     =  -149675.7562  HBOND      =        0.0000
 1-4 VDW =     1078.2614  1-4 EEL =    13074.0107  RESTRAINT  =        0.0000


   NSTEP       ENERGY          RMS            GMAX         NAME    NUMBER
    100      -1.2071E+05     3.0033E+00     3.3545E+01     N3          4

 BOND    =     6035.3369  ANGLE   =      606.2690  DIHED      =     3392.9043
 VDWAALS =     9176.2329  EEL     =  -153885.3497  HBOND      =        0.0000
 1-4 VDW =      996.6520  1-4 EEL =    12968.3519  RESTRAINT  =        0.0000


   NSTEP       ENERGY          RMS            GMAX         NAME    NUMBER
    150      -1.2336E+05     1.8511E+00     4.2130E+01     N3          4

 BOND    =     7586.5347  ANGLE   =      616.2427  DIHED      =     3387.9183
 VDWAALS =    10107.2946  EEL     =  -158939.2426  HBOND      =        0.0000
 1-4 VDW =      962.8444  1-4 EEL =    12914.2995  RESTRAINT  =        0.0000


   NSTEP       ENERGY          RMS            GMAX         NAME    NUMBER
    200      -1.2517E+05     8.0600E-01     3.5017E+01     N3          4

 BOND    =     7159.9812  ANGLE   =      622.2158  DIHED      =     3381.7598
 VDWAALS =    10973.7560  EEL     =  -161135.9859  HBOND      =        0.0000
 1-4 VDW =      943.1394  1-4 EEL =    12888.1056  RESTRAINT  =        0.0000


   NSTEP       ENERGY          RMS            GMAX         NAME    NUMBER
    250      -1.2655E+05     9.3235E-01     1.1527E+02     N3          4

 BOND    =     7495.7682  ANGLE   =      627.6499  DIHED      =     3375.2469
 VDWAALS =    11781.9923  EEL     =  -163629.8003  HBOND      =        0.0000
 1-4 VDW =      930.9279  1-4 EEL =    12870.2827  RESTRAINT  =        0.0000


   NSTEP       ENERGY          RMS            GMAX         NAME    NUMBER
    300      -1.2771E+05     6.3859E-01     6.6678E+01     N3          4

 BOND    =     7712.1249  ANGLE   =      626.0237  DIHED      =     3368.8796
 VDWAALS =    12536.0563  EEL     =  -165734.9451  HBOND      =        0.0000
 1-4 VDW =      922.4668  1-4 EEL =    12857.5071  RESTRAINT  =        0.0000


   NSTEP       ENERGY          RMS            GMAX         NAME    NUMBER
    350      -1.2861E+05     1.3270E+00     1.9350E+02     N3          4

 BOND    =     7893.0113  ANGLE   =      630.2689  DIHED      =     3363.1509
 VDWAALS =    13194.7906  EEL     =  -167456.0627  HBOND      =        0.0000
 1-4 VDW =      916.3010  1-4 EEL =    12848.7632  RESTRAINT  =        0.0000


   NSTEP       ENERGY          RMS            GMAX         NAME    NUMBER
    400      -1.2939E+05     5.9619E-01     6.5323E+01     C2          2

 BOND    =     8008.6300  ANGLE   =      624.0604  DIHED      =     3358.3337
 VDWAALS =    13765.5883  EEL     =  -168898.0694  HBOND      =        0.0000
 1-4 VDW =      911.7459  1-4 EEL =    12842.9372  RESTRAINT  =        0.0000


   NSTEP       ENERGY          RMS            GMAX         NAME    NUMBER
    450      -1.3004E+05     1.1750E+00     1.5952E+02     N3          4

 BOND    =     8146.6519  ANGLE   =      627.2859  DIHED      =     3353.8334
 VDWAALS =    14295.0451  EEL     =  -170210.2459  HBOND      =        0.0000
 1-4 VDW =      908.0656  1-4 EEL =    12838.2048  RESTRAINT  =        0.0000


   NSTEP       ENERGY          RMS            GMAX         NAME    NUMBER
    500      -1.3065E+05     4.6713E-01     4.7523E+01     N3          4

 BOND    =     8247.0430  ANGLE   =      620.7358  DIHED      =     3349.5072
 VDWAALS =    14770.6416  EEL     =  -171379.6105  HBOND      =        0.0000
 1-4 VDW =      904.9541  1-4 EEL =    12834.0158  RESTRAINT  =        0.0000


   NSTEP       ENERGY          RMS            GMAX         NAME    NUMBER
    550      -1.3118E+05     9.3532E-01     1.2333E+02     N3          4

 BOND    =     8361.5347  ANGLE   =      622.2419  DIHED      =     3345.5350
 VDWAALS =    15213.0968  EEL     =  -172459.8218  HBOND      =        0.0000
 1-4 VDW =      902.2685  1-4 EEL =    12830.5107  RESTRAINT  =        0.0000


   NSTEP       ENERGY          RMS            GMAX         NAME    NUMBER
    600      -1.3165E+05     1.4028E+00     1.8879E+02     N3          4

 BOND    =     8469.1466  ANGLE   =      625.1338  DIHED      =     3342.0538
 VDWAALS =    15611.9629  EEL     =  -173427.9735  HBOND      =        0.0000
 1-4 VDW =      900.1605  1-4 EEL =    12827.6037  RESTRAINT  =        0.0000


   NSTEP       ENERGY          RMS            GMAX         NAME    NUMBER
    650      -1.3212E+05     7.8720E-01     1.0914E+02     N3          4

 BOND    =     8536.5685  ANGLE   =      622.0331  DIHED      =     3338.9083
 VDWAALS =    15984.6049  EEL     =  -174323.0189  HBOND      =        0.0000
 1-4 VDW =      898.0704  1-4 EEL =    12825.2150  RESTRAINT  =        0.0000


   NSTEP       ENERGY          RMS            GMAX         NAME    NUMBER
    700      -1.3250E+05     1.3076E+00     2.2756E+02     CG       3353

 BOND    =     8629.0983  ANGLE   =      623.0556  DIHED      =     3336.1143
 VDWAALS =    16323.6721  EEL     =  -175135.0421  HBOND      =        0.0000
 1-4 VDW =      896.4321  1-4 EEL =    12822.8611  RESTRAINT  =        0.0000


   NSTEP       ENERGY          RMS            GMAX         NAME    NUMBER
    750      -1.3290E+05     5.1702E-01     6.3925E+01     N3          4

 BOND    =     8686.8284  ANGLE   =      619.4536  DIHED      =     3333.4106
 VDWAALS =    16641.0436  EEL     =  -175899.0700  HBOND      =        0.0000
 1-4 VDW =      894.7492  1-4 EEL =    12820.3897  RESTRAINT  =        0.0000


   NSTEP       ENERGY          RMS            GMAX         NAME    NUMBER
    800      -1.3324E+05     1.0128E+00     1.3287E+02     N3          4

 BOND    =     8765.8367  ANGLE   =      621.8946  DIHED      =     3330.5513
 VDWAALS =    16937.9777  EEL     =  -176607.8565  HBOND      =        0.0000
 1-4 VDW =      893.3626  1-4 EEL =    12818.4032  RESTRAINT  =        0.0000


   NSTEP       ENERGY          RMS            GMAX         NAME    NUMBER
    850      -1.3358E+05     5.3524E-01     7.5866E+01     N3          4

 BOND    =     8819.0499  ANGLE   =      620.8600  DIHED      =     3327.6636
 VDWAALS =    17216.4545  EEL     =  -177269.4975  HBOND      =        0.0000
 1-4 VDW =      891.9156  1-4 EEL =    12816.9376  RESTRAINT  =        0.0000


   NSTEP       ENERGY          RMS            GMAX         NAME    NUMBER
    900      -1.3387E+05     8.9527E-01     1.2469E+02     CG       3353

 BOND    =     8885.5236  ANGLE   =      621.9067  DIHED      =     3324.7965
 VDWAALS =    17478.0751  EEL     =  -177890.6407  HBOND      =        0.0000
 1-4 VDW =      890.7654  1-4 EEL =    12815.5206  RESTRAINT  =        0.0000


   NSTEP       ENERGY          RMS            GMAX         NAME    NUMBER
    950      -1.3416E+05     2.8870E-01     2.1473E+01     N3          4

 BOND    =     8932.5661  ANGLE   =      619.7991  DIHED      =     3322.0259
 VDWAALS =    17716.7173  EEL     =  -178457.7320  HBOND      =        0.0000
 1-4 VDW =      889.6319  1-4 EEL =    12814.2627  RESTRAINT  =        0.0000


   NSTEP       ENERGY          RMS            GMAX         NAME    NUMBER
   1000      -1.3443E+05     7.1377E-01     9.5686E+01     N3          4

 BOND    =     8991.6860  ANGLE   =      621.2484  DIHED      =     3319.4784
 VDWAALS =    17948.1328  EEL     =  -179007.6569  HBOND      =        0.0000
 1-4 VDW =      888.7381  1-4 EEL =    12813.1445  RESTRAINT  =        0.0000


   NSTEP       ENERGY          RMS            GMAX         NAME    NUMBER
   1050      -1.3468E+05     2.5543E-01     1.3200E+01     N3          4

 BOND    =     9033.8320  ANGLE   =      620.3963  DIHED      =     3317.2928
 VDWAALS =    18160.4903  EEL     =  -179513.4246  HBOND      =        0.0000
 1-4 VDW =      887.8864  1-4 EEL =    12812.3958  RESTRAINT  =        0.0000


   NSTEP       ENERGY          RMS            GMAX         NAME    NUMBER
   1100      -1.3492E+05     6.3181E-01     9.2343E+01     N3          4

 BOND    =     9084.1134  ANGLE   =      622.5864  DIHED      =     3315.3384
 VDWAALS =    18364.7213  EEL     =  -180001.6204  HBOND      =        0.0000
 1-4 VDW =      887.2089  1-4 EEL =    12811.6300  RESTRAINT  =        0.0000


   NSTEP       ENERGY          RMS            GMAX         NAME    NUMBER
   1150      -1.3513E+05     9.5078E-01     1.2468E+02     CG       3353

 BOND    =     9135.6020  ANGLE   =      624.0996  DIHED      =     3313.6777
 VDWAALS =    18556.5271  EEL     =  -180462.2270  HBOND      =        0.0000
 1-4 VDW =      886.5149  1-4 EEL =    12810.8501  RESTRAINT  =        0.0000


   NSTEP       ENERGY          RMS            GMAX         NAME    NUMBER
   1200      -1.3536E+05     4.0717E-01     5.3445E+01     N3          4

 BOND    =     9167.0495  ANGLE   =      621.1819  DIHED      =     3312.3145
 VDWAALS =    18736.7768  EEL     =  -180897.4408  HBOND      =        0.0000
 1-4 VDW =      886.1546  1-4 EEL =    12809.6320  RESTRAINT  =        0.0000


   NSTEP       ENERGY          RMS            GMAX         NAME    NUMBER
   1250      -1.3557E+05     2.3386E-01     1.3459E+01     N3          4

 BOND    =     9204.4139  ANGLE   =      621.3333  DIHED      =     3311.2461
 VDWAALS =    18909.3884  EEL     =  -181314.7043  HBOND      =        0.0000
 1-4 VDW =      885.6540  1-4 EEL =    12808.7261  RESTRAINT  =        0.0000


   NSTEP       ENERGY          RMS            GMAX         NAME    NUMBER
   1300      -1.3577E+05     2.3933E-01     1.6177E+01     N3          4

 BOND    =     9241.8836  ANGLE   =      621.7587  DIHED      =     3310.3184
 VDWAALS =    19074.3811  EEL     =  -181714.4555  HBOND      =        0.0000
 1-4 VDW =      885.1762  1-4 EEL =    12807.7287  RESTRAINT  =        0.0000


   NSTEP       ENERGY          RMS            GMAX         NAME    NUMBER
   1350      -1.3597E+05     6.7435E-01     8.2610E+01     CG       3353

 BOND    =     9284.9391  ANGLE   =      623.8955  DIHED      =     3309.4733
 VDWAALS =    19240.8210  EEL     =  -182116.0614  HBOND      =        0.0000
 1-4 VDW =      884.5993  1-4 EEL =    12806.7973  RESTRAINT  =        0.0000


   NSTEP       ENERGY          RMS            GMAX         NAME    NUMBER
   1400      -1.3616E+05     2.2493E-01     1.4070E+01     N3          4

 BOND    =     9315.0315  ANGLE   =      622.2307  DIHED      =     3308.7041
 VDWAALS =    19397.9265  EEL     =  -182491.9975  HBOND      =        0.0000
 1-4 VDW =      884.2293  1-4 EEL =    12805.6542  RESTRAINT  =        0.0000


   NSTEP       ENERGY          RMS            GMAX         NAME    NUMBER
   1450      -1.3633E+05     6.0242E-01     8.2351E+01     N3          4

 BOND    =     9353.1547  ANGLE   =      623.1217  DIHED      =     3308.0275
 VDWAALS =    19550.1766  EEL     =  -182851.6334  HBOND      =        0.0000
 1-4 VDW =      883.9106  1-4 EEL =    12804.6386  RESTRAINT  =        0.0000


   NSTEP       ENERGY          RMS            GMAX         NAME    NUMBER
   1500      -1.3650E+05     2.4598E-01     2.3193E+01     N3          4

 BOND    =     9380.0476  ANGLE   =      622.2995  DIHED      =     3307.4746
 VDWAALS =    19694.4582  EEL     =  -183188.2506  HBOND      =        0.0000
 1-4 VDW =      883.5361  1-4 EEL =    12804.0236  RESTRAINT  =        0.0000


   NSTEP       ENERGY          RMS            GMAX         NAME    NUMBER
   1550      -1.3665E+05     4.7409E-01     6.7015E+01     N3          4

 BOND    =     9412.4336  ANGLE   =      623.1392  DIHED      =     3306.9310
 VDWAALS =    19834.8462  EEL     =  -183514.9107  HBOND      =        0.0000
 1-4 VDW =      883.2117  1-4 EEL =    12803.4656  RESTRAINT  =        0.0000


   NSTEP       ENERGY          RMS            GMAX         NAME    NUMBER
   1600      -1.3679E+05     7.9094E-01     1.3979E+02     CG       3353

 BOND    =     9445.3901  ANGLE   =      623.5002  DIHED      =     3306.4017
 VDWAALS =    19967.9008  EEL     =  -183823.8340  HBOND      =        0.0000
 1-4 VDW =      883.0588  1-4 EEL =    12802.8816  RESTRAINT  =        0.0000


   NSTEP       ENERGY          RMS            GMAX         NAME    NUMBER
   1650      -1.3695E+05     3.0909E-01     3.8613E+01     N3          4

 BOND    =     9467.6793  ANGLE   =      622.1894  DIHED      =     3305.7578
 VDWAALS =    20097.3728  EEL     =  -184125.4148  HBOND      =        0.0000
 1-4 VDW =      882.6353  1-4 EEL =    12802.5129  RESTRAINT  =        0.0000


   NSTEP       ENERGY          RMS            GMAX         NAME    NUMBER
   1700      -1.3708E+05     5.7185E-01     7.8255E+01     N3          4

 BOND    =     9497.4955  ANGLE   =      623.0192  DIHED      =     3305.2030
 VDWAALS =    20223.4061  EEL     =  -184416.5304  HBOND      =        0.0000
 1-4 VDW =      882.3917  1-4 EEL =    12802.0904  RESTRAINT  =        0.0000


   NSTEP       ENERGY          RMS            GMAX         NAME    NUMBER
   1750      -1.3722E+05     2.0170E-01     1.6227E+01     N3          4

 BOND    =     9518.3988  ANGLE   =      622.4048  DIHED      =     3304.7590
 VDWAALS =    20343.5716  EEL     =  -184691.4240  HBOND      =        0.0000
 1-4 VDW =      882.0683  1-4 EEL =    12801.8523  RESTRAINT  =        0.0000


   NSTEP       ENERGY          RMS            GMAX         NAME    NUMBER
   1800      -1.3734E+05     5.5243E-01     7.9827E+01     N3          4

 BOND    =     9547.0059  ANGLE   =      623.8797  DIHED      =     3304.3489
 VDWAALS =    20465.4063  EEL     =  -184967.1257  HBOND      =        0.0000
 1-4 VDW =      881.7764  1-4 EEL =    12801.5103  RESTRAINT  =        0.0000


   NSTEP       ENERGY          RMS            GMAX         NAME    NUMBER
   1850      -1.3747E+05     2.4021E-01     2.8132E+01     N3          4

 BOND    =     9567.7364  ANGLE   =      622.3988  DIHED      =     3303.9438
 VDWAALS =    20579.6042  EEL     =  -185223.6322  HBOND      =        0.0000
 1-4 VDW =      881.6061  1-4 EEL =    12800.9221  RESTRAINT  =        0.0000


   NSTEP       ENERGY          RMS            GMAX         NAME    NUMBER
   1900      -1.3758E+05     4.7290E-01     6.0522E+01     CG       3353

 BOND    =     9594.2025  ANGLE   =      622.9287  DIHED      =     3303.5738
 VDWAALS =    20695.9287  EEL     =  -185482.6411  HBOND      =        0.0000
 1-4 VDW =      881.3690  1-4 EEL =    12800.4327  RESTRAINT  =        0.0000


   NSTEP       ENERGY          RMS            GMAX         NAME    NUMBER
   1950      -1.3769E+05     6.8149E-01     9.5403E+01     CG       3353

 BOND    =     9618.7111  ANGLE   =      623.6015  DIHED      =     3303.2757
 VDWAALS =    20804.1981  EEL     =  -185722.1194  HBOND      =        0.0000
 1-4 VDW =      881.3255  1-4 EEL =    12799.7960  RESTRAINT  =        0.0000


   NSTEP       ENERGY          RMS            GMAX         NAME    NUMBER
   2000      -1.3780E+05     2.8188E-01     3.4634E+01     N3          4

 BOND    =     9634.5898  ANGLE   =      622.9750  DIHED      =     3303.0081
 VDWAALS =    20909.9347  EEL     =  -185955.1796  HBOND      =        0.0000
 1-4 VDW =      881.1019  1-4 EEL =    12799.4818  RESTRAINT  =        0.0000


  Maximum number of minimization cycles reached.


                    FINAL RESULTS



   NSTEP       ENERGY          RMS            GMAX         NAME    NUMBER
   2000      -1.3780E+05     2.8188E-01     3.4634E+01     N3          4

 BOND    =     9634.5898  ANGLE   =      622.9750  DIHED      =     3303.0081
 VDWAALS =    20909.9347  EEL     =  -185955.1796  HBOND      =        0.0000
 1-4 VDW =      881.1019  1-4 EEL =    12799.4818  RESTRAINT  =        0.0000
--------------------------------------------------------------------------------
   5.  TIMINGS
--------------------------------------------------------------------------------

|  NonSetup CPU Time in Major Routines:
|
|     Routine           Sec        %
|     ------------------------------
|     Nonbond           1.31   32.67
|     Bond              0.00    0.00
|     Angle             0.00    0.00
|     Dihedral          0.00    0.00
|     Shake             0.00    0.00
|     Other             2.71   67.33
|     ------------------------------
|     Total             4.02

|  PME Nonbond Pairlist CPU Time:
|
|     Routine              Sec        %
|     ---------------------------------
|     Set Up Cit           0.00    0.00
|     Build List           0.00    0.00
|     ---------------------------------
|     Total                0.00    0.00

|  PME Direct Force CPU Time:
|
|     Routine              Sec        %
|     ---------------------------------
|     NonBonded Calc       0.00    0.00
|     Exclude Masked       0.00    0.00
|     Other                0.00    0.08
|     ---------------------------------
|     Total                0.00    0.08

|  PME Reciprocal Force CPU Time:
|
|     Routine              Sec        %
|     ---------------------------------
|     1D bspline           0.00    0.00
|     Grid Charges         0.00    0.00
|     Scalar Sum           0.00    0.00
|     Gradient Sum         0.00    0.00
|     FFT                  0.00    0.00
|     ---------------------------------
|     Total                0.00    0.00

|  Setup CPU time:            0.63 seconds
|  NonSetup CPU time:         4.02 seconds
|  Total CPU time:            4.66 seconds     0.00 hours

|  Setup wall time:           3    seconds
|  NonSetup wall time:        5    seconds
|  Total wall time:           8    seconds     0.00 hours
