
          -------------------------------------------------------
          Amber 24 PMEMD                              2024
          -------------------------------------------------------

| PMEMD implementation of SANDER, Release 24

|  Compiled date/time: Thu Apr  3 16:55:38 2025
| Run on 09/15/2025 at 12:53:33

|   Executable path: pmemd.cuda
| Working directory: /panfs/accrepfs.vampire/data/kojetin_lab/Mithun/My_Github/Amber_noncovalent_run/Minimization
|          Hostname: gpu0015

  [-O]verwriting output

File Assignments:
|   MDIN: step5.in                                                              
|  MDOUT: step5.out                                                             
| INPCRD: step4.rst7                                                            
|   PARM: ../prepin.prmtop                                                      
| RESTRT: step5.rst7                                                            
|   REFC: step4.rst7                                                            
|  MDVEL: mdvel                                                                 
|   MDEN: mden                                                                  
|  MDCRD: step5.nc                                                              
| MDINFO: step5.mdinfo                                                          
|  MDFRC: mdfrc                                                                 


 Here is the input file:

Min explicit solvent no heavy atom res no shake                                
&cntrl                                                                         
  imin = 1, ntmin = 2, maxcyc = 2000,                                          
  ntwx = 1000, ioutfm = 1, ntpr = 50, ntwr = 500,                              
  ntc = 1, ntf = 1, ntb = 1, cut = 8.0,                                        
  igb = 0, saltcon = 0.0,                                                      
  ntr = 0,                                                                     
&end                                                                           


Note: ig = -1. Setting random seed to    14766 based on wallclock time in 
      microseconds.
| irandom = 1, using AMBER's internal random number generator (default).
 
|--------------------- INFORMATION ----------------------
| GPU (CUDA) Version of PMEMD in use: NVIDIA GPU IN USE.
|                    Version 18.0.0
| 
|                      03/25/2018
| 
| Implementation by:
|                    Ross C. Walker     (SDSC)
|                    Scott Le Grand     (nVIDIA)
| 
| Version 18 performance extensions by:
|                    David Cerutti     (Rutgers)
| 
| Precision model in use:
|      [SPFP] - Single Precision Forces, 64-bit Fixed Point
|               Accumulation. (Default)
| 
|--------------------------------------------------------
 
|----------------- CITATION INFORMATION -----------------
|
|    When publishing work that utilized the CUDA version
|    of AMBER, please cite the following in addition to
|    the regular AMBER citations:
|
|  - Romelia Salomon-Ferrer; Andreas W. Goetz; Duncan
|    Poole; Scott Le Grand; Ross C. Walker "Routine
|    microsecond molecular dynamics simulations with
|    AMBER - Part II: Particle Mesh Ewald", J. Chem.
|    Theory Comput., 2013, 9 (9), pp3878-3888,
|    DOI: 10.1021/ct400314y.
|
|  - Andreas W. Goetz; Mark J. Williamson; Dong Xu;
|    Duncan Poole; Scott Le Grand; Ross C. Walker
|    "Routine microsecond molecular dynamics simulations
|    with AMBER - Part I: Generalized Born", J. Chem.
|    Theory Comput., 2012, 8 (5), pp1542-1555.
|
|  - Scott Le Grand; Andreas W. Goetz; Ross C. Walker
|    "SPFP: Speed without compromise - a mixed precision
|    model for GPU accelerated molecular dynamics
|    simulations.", Comp. Phys. Comm., 2013, 184
|    pp374-380, DOI: 10.1016/j.cpc.2012.09.022
|
|--------------------------------------------------------
 
|------------------- GPU DEVICE INFO --------------------
|
|            CUDA_VISIBLE_DEVICES: 0
|   CUDA Capable Devices Detected:      1
|           CUDA Device ID in use:      0
|                CUDA Device Name: NVIDIA TITAN X (Pascal)
|     CUDA Device Global Mem Size:  12183 MB
| CUDA Device Num Multiprocessors:     28
|           CUDA Device Core Freq:   1.53 GHz
|
|--------------------------------------------------------
 
 
| Conditional Compilation Defines Used:
| PUBFFT
| BINTRAJ
| CUDA
| EMIL

| Largest sphere to fit in unit cell has radius =    33.145

| New format PARM file being parsed.
| Version =    1.000 Date = 09/15/25 Time = 12:48:30

| Note: 1-4 EEL scale factors are being read from the topology file.

| Note: 1-4 VDW scale factors are being read from the topology file.
| Duplicated    0 dihedrals

| Duplicated    0 dihedrals

--------------------------------------------------------------------------------
   1.  RESOURCE   USE: 
--------------------------------------------------------------------------------

 getting box info from netcdf restart file
 NATOM  =   36074 NTYPES =      27 NBONH =   33811 MBONA  =    2276
 NTHETH =    5254 MTHETA =    3069 NPHIH =   10329 MPHIA  =    9843
 NHPARM =       0 NPARM  =       0 NNB   =   67179 NRES   =   10809
 NBONA  =    2276 NTHETA =    3069 NPHIA =    9843 NUMBND =      75
 NUMANG =     174 NPTRA  =     206 NATYP =      39 NPHB   =       0
 IFBOX  =       2 NMXRS  =      44 IFCAP =       0 NEXTRA =       0
 NCOPY  =       0

| Coordinate Index Table dimensions:    16   16   16
| Direct force subcell size =     5.0743    5.0743    5.0743

     BOX TYPE: TRUNCATED OCTAHEDRON

--------------------------------------------------------------------------------
   2.  CONTROL  DATA  FOR  THE  RUN
--------------------------------------------------------------------------------

default_name                                                                    

General flags:
     imin    =       1, nmropt  =       0

Nature and format of input:
     ntx     =       1, irest   =       0, ntrx    =       1

Nature and format of output:
     ntxo    =       2, ntpr    =      50, ntrx    =       1, ntwr    =     500
     iwrap   =       0, ntwx    =    1000, ntwv    =       0, ntwe    =       0
     ioutfm  =       1, ntwprt  =       0, idecomp =       0, rbornstat=      0

Potential function:
     ntf     =       1, ntb     =       1, igb     =       0, nsnb    =      25
     ipol    =       0, gbsa    =       0, iesp    =       0
     dielc   =   1.00000, cut     =   8.00000, intdiel =   1.00000

Frozen or restrained atoms:
     ibelly  =       0, ntr     =       0

Energy minimization:
     maxcyc  =    2000, ncyc    =      10, ntmin   =       2
     dx0     =   0.01000, drms    =   0.00010

| Intermolecular bonds treatment:
|     no_intermolecular_bonds =       1

| Energy averages sample interval:
|     ene_avg_sampling =       1

Ewald parameters:
     verbose =       0, ew_type =       0, nbflag  =       1, use_pme =       1
     vdwmeth =       1, eedmeth =       1, netfrc  =       0
     Box X =   81.189   Box Y =   81.189   Box Z =   81.189
     Alpha =  109.471   Beta  =  109.471   Gamma =  109.471
     NFFT1 =   84       NFFT2 =   84       NFFT3 =   84
     Cutoff=    8.000   Tol   =0.100E-04
     Ewald Coefficient =  0.34864
     Interpolation order =    4

--------------------------------------------------------------------------------
   3.  ATOMIC COORDINATES AND VELOCITIES
--------------------------------------------------------------------------------

default_name                                                                    
 begin time read from input coords =     0.000 ps

 
 Number of triangulated 3-point waters found:    10505

     Sum of charges from parm topology file =  -0.00000017
     Forcing neutrality...

| Dynamic Memory, Types Used:
| Reals             1064512
| Integers          1513313

| Nonbonded Pairs Initial Allocation:     6025259

| GPU memory information (estimate):
| KB of GPU memory in use:    161121
| KB of CPU memory in use:     71084

--------------------------------------------------------------------------------
   4.  RESULTS
--------------------------------------------------------------------------------



   NSTEP       ENERGY          RMS            GMAX         NAME    NUMBER
      1      -1.4303E+05     8.9095E-02     4.0393E+00     C2          2

 BOND    =    10092.4969  ANGLE   =      598.7761  DIHED      =     3192.2154
 VDWAALS =    21069.6547  EEL     =  -191585.1668  HBOND      =        0.0000
 1-4 VDW =      854.0985  1-4 EEL =    12745.7475  RESTRAINT  =        0.0000


   NSTEP       ENERGY          RMS            GMAX         NAME    NUMBER
     50      -1.4306E+05     8.6030E-02     5.9818E+00     CG       3353

 BOND    =    10096.7764  ANGLE   =      598.7809  DIHED      =     3192.2528
 VDWAALS =    21090.9834  EEL     =  -191634.5970  HBOND      =        0.0000
 1-4 VDW =      854.0894  1-4 EEL =    12745.8787  RESTRAINT  =        0.0000


   NSTEP       ENERGY          RMS            GMAX         NAME    NUMBER
    100      -1.4308E+05     2.7506E-01     5.0700E+01     CG       3353

 BOND    =    10101.8970  ANGLE   =      598.8032  DIHED      =     3192.3079
 VDWAALS =    21112.9491  EEL     =  -191685.3881  HBOND      =        0.0000
 1-4 VDW =      854.1027  1-4 EEL =    12746.0523  RESTRAINT  =        0.0000


   NSTEP       ENERGY          RMS            GMAX         NAME    NUMBER
    150      -1.4310E+05     8.3010E-02     5.1752E+00     CG       3353

 BOND    =    10105.5654  ANGLE   =      598.7357  DIHED      =     3192.3334
 VDWAALS =    21133.5295  EEL     =  -191733.7577  HBOND      =        0.0000
 1-4 VDW =      854.0543  1-4 EEL =    12746.1572  RESTRAINT  =        0.0000


   NSTEP       ENERGY          RMS            GMAX         NAME    NUMBER
    200      -1.4313E+05     2.0871E-01     3.7735E+01     CG       3353

 BOND    =    10110.5856  ANGLE   =      598.7964  DIHED      =     3192.3577
 VDWAALS =    21154.6586  EEL     =  -191783.3284  HBOND      =        0.0000
 1-4 VDW =      854.0187  1-4 EEL =    12746.2667  RESTRAINT  =        0.0000


   NSTEP       ENERGY          RMS            GMAX         NAME    NUMBER
    250      -1.4315E+05     9.1647E-02     9.1761E+00     CG       3353

 BOND    =    10113.9809  ANGLE   =      598.6917  DIHED      =     3192.3882
 VDWAALS =    21174.8792  EEL     =  -191830.2649  HBOND      =        0.0000
 1-4 VDW =      854.0297  1-4 EEL =    12746.4006  RESTRAINT  =        0.0000


   NSTEP       ENERGY          RMS            GMAX         NAME    NUMBER
    300      -1.4317E+05     1.0331E-01     1.3571E+01     CG       3353

 BOND    =    10118.1673  ANGLE   =      598.6725  DIHED      =     3192.3938
 VDWAALS =    21195.2545  EEL     =  -191877.8186  HBOND      =        0.0000
 1-4 VDW =      854.0145  1-4 EEL =    12746.4930  RESTRAINT  =        0.0000


   NSTEP       ENERGY          RMS            GMAX         NAME    NUMBER
    350      -1.4319E+05     2.6198E-01     4.8886E+01     CG       3353

 BOND    =    10122.7919  ANGLE   =      598.7091  DIHED      =     3192.3970
 VDWAALS =    21215.2201  EEL     =  -191923.9830  HBOND      =        0.0000
 1-4 VDW =      854.0181  1-4 EEL =    12746.5805  RESTRAINT  =        0.0000


   NSTEP       ENERGY          RMS            GMAX         NAME    NUMBER
    400      -1.4322E+05     7.9322E-02     5.0842E+00     CG       3353

 BOND    =    10126.2487  ANGLE   =      598.6846  DIHED      =     3192.3710
 VDWAALS =    21234.6061  EEL     =  -191969.1587  HBOND      =        0.0000
 1-4 VDW =      853.9662  1-4 EEL =    12746.5970  RESTRAINT  =        0.0000


   NSTEP       ENERGY          RMS            GMAX         NAME    NUMBER
    450      -1.4324E+05     2.4188E-01     4.4072E+01     CG       3353

 BOND    =    10131.2582  ANGLE   =      598.7980  DIHED      =     3192.3448
 VDWAALS =    21254.8610  EEL     =  -192015.8203  HBOND      =        0.0000
 1-4 VDW =      853.9230  1-4 EEL =    12746.6111  RESTRAINT  =        0.0000


   NSTEP       ENERGY          RMS            GMAX         NAME    NUMBER
    500      -1.4326E+05     1.0071E-01     1.2268E+01     CG       3353

 BOND    =    10134.0663  ANGLE   =      598.6603  DIHED      =     3192.3430
 VDWAALS =    21273.7903  EEL     =  -192058.8006  HBOND      =        0.0000
 1-4 VDW =      853.9391  1-4 EEL =    12746.6600  RESTRAINT  =        0.0000


   NSTEP       ENERGY          RMS            GMAX         NAME    NUMBER
    550      -1.4328E+05     1.8354E-01     1.8474E+01     CG       3353

 BOND    =    10138.2232  ANGLE   =      598.6567  DIHED      =     3192.3287
 VDWAALS =    21292.9442  EEL     =  -192102.4162  HBOND      =        0.0000
 1-4 VDW =      853.9271  1-4 EEL =    12746.6697  RESTRAINT  =        0.0000


   NSTEP       ENERGY          RMS            GMAX         NAME    NUMBER
    600      -1.4330E+05     2.5634E-01     1.3554E+01     H2      21722

 BOND    =    10142.8569  ANGLE   =      598.6698  DIHED      =     3192.3091
 VDWAALS =    21312.7081  EEL     =  -192147.5089  HBOND      =        0.0000
 1-4 VDW =      853.9008  1-4 EEL =    12746.6595  RESTRAINT  =        0.0000


   NSTEP       ENERGY          RMS            GMAX         NAME    NUMBER
    650      -1.4332E+05     7.5811E-02     1.7553E+00     H2      21722

 BOND    =    10145.6837  ANGLE   =      598.6842  DIHED      =     3192.2887
 VDWAALS =    21332.3137  EEL     =  -192191.9051  HBOND      =        0.0000
 1-4 VDW =      853.8790  1-4 EEL =    12746.6637  RESTRAINT  =        0.0000


   NSTEP       ENERGY          RMS            GMAX         NAME    NUMBER
    700      -1.4334E+05     2.1292E-01     1.4416E+01     H2      21722

 BOND    =    10149.9689  ANGLE   =      598.6951  DIHED      =     3192.2692
 VDWAALS =    21352.0709  EEL     =  -192236.1238  HBOND      =        0.0000
 1-4 VDW =      853.8608  1-4 EEL =    12746.6524  RESTRAINT  =        0.0000


   NSTEP       ENERGY          RMS            GMAX         NAME    NUMBER
    750      -1.4336E+05     1.0299E-01     6.2397E+00     H2      21722

 BOND    =    10153.6162  ANGLE   =      598.6940  DIHED      =     3192.2630
 VDWAALS =    21371.3611  EEL     =  -192280.0196  HBOND      =        0.0000
 1-4 VDW =      853.8441  1-4 EEL =    12746.6480  RESTRAINT  =        0.0000


   NSTEP       ENERGY          RMS            GMAX         NAME    NUMBER
    800      -1.4338E+05     1.8417E-01     1.5625E+01     H2      21722

 BOND    =    10158.1888  ANGLE   =      598.7087  DIHED      =     3192.2556
 VDWAALS =    21390.4234  EEL     =  -192323.4081  HBOND      =        0.0000
 1-4 VDW =      853.8236  1-4 EEL =    12746.6501  RESTRAINT  =        0.0000


   NSTEP       ENERGY          RMS            GMAX         NAME    NUMBER
    850      -1.4340E+05     2.6632E-01     2.5348E+01     H2      21722

 BOND    =    10163.3162  ANGLE   =      598.7377  DIHED      =     3192.2516
 VDWAALS =    21409.0717  EEL     =  -192366.2296  HBOND      =        0.0000
 1-4 VDW =      853.8014  1-4 EEL =    12746.6608  RESTRAINT  =        0.0000


   NSTEP       ENERGY          RMS            GMAX         NAME    NUMBER
    900      -1.4342E+05     7.2677E-02     2.6354E+00     H2      21722

 BOND    =    10164.0545  ANGLE   =      598.7145  DIHED      =     3192.2227
 VDWAALS =    21427.4017  EEL     =  -192405.4020  HBOND      =        0.0000
 1-4 VDW =      853.7962  1-4 EEL =    12746.5988  RESTRAINT  =        0.0000


   NSTEP       ENERGY          RMS            GMAX         NAME    NUMBER
    950      -1.4344E+05     2.5590E-01     2.3491E+01     H2      21722

 BOND    =    10165.4067  ANGLE   =      598.7115  DIHED      =     3192.1961
 VDWAALS =    21446.2967  EEL     =  -192444.3984  HBOND      =        0.0000
 1-4 VDW =      853.7953  1-4 EEL =    12746.5235  RESTRAINT  =        0.0000


   NSTEP       ENERGY          RMS            GMAX         NAME    NUMBER
   1000      -1.4346E+05     1.1519E-01     7.9550E+00     H2      21722

 BOND    =    10173.5134  ANGLE   =      598.7678  DIHED      =     3192.2103
 VDWAALS =    21464.1493  EEL     =  -192490.2206  HBOND      =        0.0000
 1-4 VDW =      853.7595  1-4 EEL =    12746.5998  RESTRAINT  =        0.0000


   NSTEP       ENERGY          RMS            GMAX         NAME    NUMBER
   1050      -1.4348E+05     1.8947E-01     1.3528E+01     H2      21722

 BOND    =    10179.7263  ANGLE   =      598.8297  DIHED      =     3192.2046
 VDWAALS =    21481.9199  EEL     =  -192532.8221  HBOND      =        0.0000
 1-4 VDW =      853.7417  1-4 EEL =    12746.6079  RESTRAINT  =        0.0000


   NSTEP       ENERGY          RMS            GMAX         NAME    NUMBER
   1100      -1.4350E+05     2.7614E-01     1.8145E+01     H2      21722

 BOND    =    10186.9406  ANGLE   =      598.9317  DIHED      =     3192.1960
 VDWAALS =    21499.3546  EEL     =  -192575.6310  HBOND      =        0.0000
 1-4 VDW =      853.7256  1-4 EEL =    12746.6151  RESTRAINT  =        0.0000


   NSTEP       ENERGY          RMS            GMAX         NAME    NUMBER
   1150      -1.4352E+05     1.6810E-01     1.0990E+01     NE2      4327

 BOND    =    10177.6956  ANGLE   =      598.7615  DIHED      =     3192.1755
 VDWAALS =    21516.9502  EEL     =  -192603.6533  HBOND      =        0.0000
 1-4 VDW =      853.7332  1-4 EEL =    12746.4956  RESTRAINT  =        0.0000


   NSTEP       ENERGY          RMS            GMAX         NAME    NUMBER
   1200      -1.4354E+05     2.3279E-01     1.7924E+01     NE2      4327

 BOND    =    10179.1021  ANGLE   =      598.8096  DIHED      =     3192.1686
 VDWAALS =    21534.0468  EEL     =  -192640.3354  HBOND      =        0.0000
 1-4 VDW =      853.7236  1-4 EEL =    12746.4692  RESTRAINT  =        0.0000


   NSTEP       ENERGY          RMS            GMAX         NAME    NUMBER
   1250      -1.4356E+05     7.0662E-02     2.2471E+00     NE2      4327

 BOND    =    10189.7784  ANGLE   =      598.8239  DIHED      =     3192.1586
 VDWAALS =    21550.6337  EEL     =  -192686.9865  HBOND      =        0.0000
 1-4 VDW =      853.7043  1-4 EEL =    12746.5165  RESTRAINT  =        0.0000


   NSTEP       ENERGY          RMS            GMAX         NAME    NUMBER
   1300      -1.4357E+05     2.2058E-01     1.9927E+01     NE2      4327

 BOND    =    10199.0784  ANGLE   =      599.0164  DIHED      =     3192.1408
 VDWAALS =    21568.0693  EEL     =  -192732.5845  HBOND      =        0.0000
 1-4 VDW =      853.6901  1-4 EEL =    12746.5381  RESTRAINT  =        0.0000


   NSTEP       ENERGY          RMS            GMAX         NAME    NUMBER
   1350      -1.4359E+05     8.3041E-02     4.9992E+00     NE2      4327

 BOND    =    10194.9921  ANGLE   =      598.8584  DIHED      =     3192.1418
 VDWAALS =    21584.7004  EEL     =  -192764.1825  HBOND      =        0.0000
 1-4 VDW =      853.6849  1-4 EEL =    12746.4848  RESTRAINT  =        0.0000


   NSTEP       ENERGY          RMS            GMAX         NAME    NUMBER
   1400      -1.4361E+05     1.7244E-01     1.5611E+01     NE2      4327

 BOND    =    10197.2626  ANGLE   =      598.9792  DIHED      =     3192.1368
 VDWAALS =    21601.1832  EEL     =  -192801.2616  HBOND      =        0.0000
 1-4 VDW =      853.6770  1-4 EEL =    12746.4650  RESTRAINT  =        0.0000


   NSTEP       ENERGY          RMS            GMAX         NAME    NUMBER
   1450      -1.4363E+05     2.3962E-01     2.6991E+01     CE1      4325

 BOND    =    10202.1810  ANGLE   =      599.2207  DIHED      =     3192.1237
 VDWAALS =    21617.8523  EEL     =  -192841.2823  HBOND      =        0.0000
 1-4 VDW =      853.6678  1-4 EEL =    12746.4370  RESTRAINT  =        0.0000


   NSTEP       ENERGY          RMS            GMAX         NAME    NUMBER
   1500      -1.4365E+05     9.7618E-02     8.7343E+00     CD2      4329

 BOND    =    10206.7595  ANGLE   =      598.8713  DIHED      =     3192.1142
 VDWAALS =    21635.0028  EEL     =  -192882.4624  HBOND      =        0.0000
 1-4 VDW =      853.6664  1-4 EEL =    12746.4877  RESTRAINT  =        0.0000


   NSTEP       ENERGY          RMS            GMAX         NAME    NUMBER
   1550      -1.4367E+05     1.9931E-01     2.3983E+01     CD2      4329

 BOND    =    10210.6198  ANGLE   =      598.9084  DIHED      =     3192.1106
 VDWAALS =    21651.0099  EEL     =  -192919.2581  HBOND      =        0.0000
 1-4 VDW =      853.6657  1-4 EEL =    12746.5120  RESTRAINT  =        0.0000


   NSTEP       ENERGY          RMS            GMAX         NAME    NUMBER
   1600      -1.4368E+05     6.7225E-02     3.2810E+00     CE1      4325

 BOND    =    10213.3333  ANGLE   =      598.9661  DIHED      =     3192.0945
 VDWAALS =    21666.5590  EEL     =  -192954.7493  HBOND      =        0.0000
 1-4 VDW =      853.6488  1-4 EEL =    12746.4308  RESTRAINT  =        0.0000


   NSTEP       ENERGY          RMS            GMAX         NAME    NUMBER
   1650      -1.4370E+05     1.9036E-01     2.0445E+01     CE1      4325

 BOND    =    10216.8825  ANGLE   =      599.1800  DIHED      =     3192.0882
 VDWAALS =    21682.4427  EEL     =  -192990.7606  HBOND      =        0.0000
 1-4 VDW =      853.6528  1-4 EEL =    12746.3836  RESTRAINT  =        0.0000


   NSTEP       ENERGY          RMS            GMAX         NAME    NUMBER
   1700      -1.4372E+05     7.7195E-02     6.5213E+00     CE1      4325

 BOND    =    10219.8481  ANGLE   =      598.9449  DIHED      =     3192.0857
 VDWAALS =    21697.4278  EEL     =  -193025.0165  HBOND      =        0.0000
 1-4 VDW =      853.6417  1-4 EEL =    12746.4065  RESTRAINT  =        0.0000


   NSTEP       ENERGY          RMS            GMAX         NAME    NUMBER
   1750      -1.4373E+05     1.0334E-01     1.1326E+01     CE1      4325

 BOND    =    10222.9638  ANGLE   =      598.9476  DIHED      =     3192.0824
 VDWAALS =    21712.0393  EEL     =  -193058.2802  HBOND      =        0.0000
 1-4 VDW =      853.6390  1-4 EEL =    12746.3882  RESTRAINT  =        0.0000


   NSTEP       ENERGY          RMS            GMAX         NAME    NUMBER
   1800      -1.4375E+05     6.8014E-02     4.5805E+00     CE1      4325

 BOND    =    10225.6605  ANGLE   =      599.0327  DIHED      =     3192.0783
 VDWAALS =    21726.2237  EEL     =  -193090.4154  HBOND      =        0.0000
 1-4 VDW =      853.6390  1-4 EEL =    12746.3288  RESTRAINT  =        0.0000


   NSTEP       ENERGY          RMS            GMAX         NAME    NUMBER
   1850      -1.4376E+05     6.1350E-02     2.4907E+00     CE1      4325

 BOND    =    10228.4899  ANGLE   =      599.0262  DIHED      =     3192.0788
 VDWAALS =    21740.1373  EEL     =  -193121.9986  HBOND      =        0.0000
 1-4 VDW =      853.6393  1-4 EEL =    12746.3012  RESTRAINT  =        0.0000


   NSTEP       ENERGY          RMS            GMAX         NAME    NUMBER
   1900      -1.4378E+05     2.1339E-01     2.3146E+01     CE1      4325

 BOND    =    10231.7191  ANGLE   =      599.3051  DIHED      =     3192.0836
 VDWAALS =    21754.5317  EEL     =  -193154.7540  HBOND      =        0.0000
 1-4 VDW =      853.6471  1-4 EEL =    12746.2275  RESTRAINT  =        0.0000


   NSTEP       ENERGY          RMS            GMAX         NAME    NUMBER
   1950      -1.4379E+05     6.4414E-02     3.8634E+00     CE1      4325

 BOND    =    10234.0909  ANGLE   =      599.0063  DIHED      =     3192.0886
 VDWAALS =    21767.1324  EEL     =  -193184.0779  HBOND      =        0.0000
 1-4 VDW =      853.6401  1-4 EEL =    12746.2437  RESTRAINT  =        0.0000


   NSTEP       ENERGY          RMS            GMAX         NAME    NUMBER
   2000      -1.4381E+05     1.7259E-01     1.8265E+01     CE1      4325

 BOND    =    10237.0862  ANGLE   =      599.0017  DIHED      =     3192.1042
 VDWAALS =    21780.0778  EEL     =  -193214.1132  HBOND      =        0.0000
 1-4 VDW =      853.6474  1-4 EEL =    12746.2464  RESTRAINT  =        0.0000


  Maximum number of minimization cycles reached.


                    FINAL RESULTS



   NSTEP       ENERGY          RMS            GMAX         NAME    NUMBER
   2000      -1.4381E+05     1.7259E-01     1.8265E+01     CE1      4325

 BOND    =    10237.0862  ANGLE   =      599.0017  DIHED      =     3192.1042
 VDWAALS =    21780.0778  EEL     =  -193214.1132  HBOND      =        0.0000
 1-4 VDW =      853.6474  1-4 EEL =    12746.2464  RESTRAINT  =        0.0000
--------------------------------------------------------------------------------
   5.  TIMINGS
--------------------------------------------------------------------------------

|  NonSetup CPU Time in Major Routines:
|
|     Routine           Sec        %
|     ------------------------------
|     Nonbond           1.32   29.48
|     Bond              0.00    0.00
|     Angle             0.00    0.00
|     Dihedral          0.00    0.00
|     Shake             0.00    0.00
|     Other             3.17   70.52
|     ------------------------------
|     Total             4.49

|  PME Nonbond Pairlist CPU Time:
|
|     Routine              Sec        %
|     ---------------------------------
|     Set Up Cit           0.00    0.00
|     Build List           0.00    0.00
|     ---------------------------------
|     Total                0.00    0.00

|  PME Direct Force CPU Time:
|
|     Routine              Sec        %
|     ---------------------------------
|     NonBonded Calc       0.00    0.00
|     Exclude Masked       0.00    0.00
|     Other                0.00    0.08
|     ---------------------------------
|     Total                0.00    0.08

|  PME Reciprocal Force CPU Time:
|
|     Routine              Sec        %
|     ---------------------------------
|     1D bspline           0.00    0.00
|     Grid Charges         0.00    0.00
|     Scalar Sum           0.00    0.00
|     Gradient Sum         0.00    0.00
|     FFT                  0.00    0.00
|     ---------------------------------
|     Total                0.00    0.00

|  Setup CPU time:            0.47 seconds
|  NonSetup CPU time:         4.49 seconds
|  Total CPU time:            4.96 seconds     0.00 hours

|  Setup wall time:           0    seconds
|  NonSetup wall time:        5    seconds
|  Total wall time:           5    seconds     0.00 hours
